#
# There is insufficient memory for the Java Runtime Environment to continue.
# Native memory allocation (malloc) failed to allocate 614656 bytes. Error detail: Chunk::new
# Possible reasons:
#   The system is out of physical RAM or swap space
#   This process is running with CompressedOops enabled, and the Java Heap may be blocking the growth of the native heap
# Possible solutions:
#   Reduce memory load on the system
#   Increase physical memory or swap space
#   Check if swap backing store is full
#   Decrease Java heap size (-Xmx/-Xms)
#   Decrease number of Java threads
#   Decrease Java thread stack sizes (-Xss)
#   Set larger code cache with -XX:ReservedCodeCacheSize=
#   JVM is running with Unscaled Compressed Oops mode in which the Java heap is
#     placed in the first 4GB address space. The Java Heap base address is the
#     maximum limit for the native heap growth. Please use -XX:HeapBaseMinAddress
#     to set the Java Heap base and to place the Java Heap above 4GB virtual address.
# This output file may be truncated or incomplete.
#
#  Out of Memory Error (arena.cpp:149), pid=356, tid=11456
#
# JRE version: OpenJDK Runtime Environment (23.0.2+7) (build 23.0.2+7-58)
# Java VM: OpenJDK 64-Bit Server VM (23.0.2+7-58, mixed mode, sharing, tiered, compressed oops, compressed class ptrs, g1 gc, windows-amd64)
# No core dump will be written. Minidumps are not enabled by default on client versions of Windows
#

---------------  S U M M A R Y ------------

Command Line: --add-opens=java.base/java.lang=ALL-UNNAMED --add-opens=java.base/java.lang.invoke=ALL-UNNAMED --add-opens=java.base/java.util=ALL-UNNAMED --add-opens=java.prefs/java.util.prefs=ALL-UNNAMED --add-exports=jdk.compiler/com.sun.tools.javac.api=ALL-UNNAMED --add-exports=jdk.compiler/com.sun.tools.javac.util=ALL-UNNAMED --add-opens=java.base/java.util=ALL-UNNAMED --add-opens=java.prefs/java.util.prefs=ALL-UNNAMED --add-opens=java.base/java.nio.charset=ALL-UNNAMED --add-opens=java.base/java.net=ALL-UNNAMED --add-opens=java.base/java.util.concurrent.atomic=ALL-UNNAMED --add-opens=java.xml/javax.xml.namespace=ALL-UNNAMED -XX:MaxMetaspaceSize=384m -XX:+HeapDumpOnOutOfMemoryError -Xms256m -Xmx512m -Dfile.encoding=UTF-8 -Duser.country=KR -Duser.language=ko -Duser.variant -javaagent:C:\Users\82109\.gradle\wrapper\dists\gradle-8.13-bin\5xuhj0ry160q40clulazy9h7d\gradle-8.13\lib\agents\gradle-instrumentation-agent-8.13.jar org.gradle.launcher.daemon.bootstrap.GradleDaemon 8.13

Host: Intel(R) Pentium(R) CPU 4415U @ 2.30GHz, 4 cores, 7G,  Windows 10 , 64 bit Build 19041 (10.0.19041.5438)
Time: Sat Apr 19 21:44:28 2025  Windows 10 , 64 bit Build 19041 (10.0.19041.5438) elapsed time: 16.614419 seconds (0d 0h 0m 16s)

---------------  T H R E A D  ---------------

Current thread (0x000001bc1902ed10):  JavaThread "C2 CompilerThread0" daemon [_thread_in_native, id=11456, stack(0x0000007393900000,0x0000007393a00000) (1024K)]


Current CompileTask:
C2:16614 2871   !   4       java.lang.ClassLoader::loadClass (121 bytes)

Stack: [0x0000007393900000,0x0000007393a00000]
Native frames: (J=compiled Java code, j=interpreted, Vv=VM code, C=native code)
V  [jvm.dll+0x6e0b99]  (no source info available)
V  [jvm.dll+0x87e2b3]  (no source info available)
V  [jvm.dll+0x88073e]  (no source info available)
V  [jvm.dll+0x880e13]  (no source info available)
V  [jvm.dll+0x27b006]  (no source info available)
V  [jvm.dll+0xbc06f]  (no source info available)
V  [jvm.dll+0xbc2cb]  (no source info available)
V  [jvm.dll+0x2eea6d]  (no source info available)
V  [jvm.dll+0x606669]  (no source info available)
V  [jvm.dll+0x24def2]  (no source info available)
V  [jvm.dll+0x2461bc]  (no source info available)
V  [jvm.dll+0x243e04]  (no source info available)
V  [jvm.dll+0x1c34b0]  (no source info available)
V  [jvm.dll+0x253df1]  (no source info available)
V  [jvm.dll+0x2520aa]  (no source info available)
V  [jvm.dll+0x3ee226]  (no source info available)
V  [jvm.dll+0x8254cb]  (no source info available)
V  [jvm.dll+0x6df345]  (no source info available)
C  [ucrtbase.dll+0x21bb2]  (no source info available)
C  [KERNEL32.DLL+0x17374]  (no source info available)
C  [ntdll.dll+0x4cc91]  (no source info available)

Lock stack of current Java thread (top to bottom):


---------------  P R O C E S S  ---------------

Threads class SMR info:
_java_thread_list=0x000001bc1930d8a0, length=23, elements={
0x000001bc54051670, 0x000001bc707fe370, 0x000001bc19016360, 0x000001bc1901d720,
0x000001bc1901f5a0, 0x000001bc19020000, 0x000001bc19025f70, 0x000001bc1902ed10,
0x000001bc1902f7c0, 0x000001bc707dced0, 0x000001bc192d3660, 0x000001bc1a137c10,
0x000001bc1a138fc0, 0x000001bc1a138930, 0x000001bc1a139ce0, 0x000001bc1a136860,
0x000001bc1a136ef0, 0x000001bc1a137580, 0x000001bc1a1382a0, 0x000001bc19573c10,
0x000001bc195714b0, 0x000001bc19570790, 0x000001bc19574fc0
}

Java Threads: ( => current thread )
  0x000001bc54051670 JavaThread "main"                              [_thread_blocked, id=728, stack(0x0000007392b00000,0x0000007392c00000) (1024K)]
  0x000001bc707fe370 JavaThread "Reference Handler"          daemon [_thread_blocked, id=20560, stack(0x0000007393300000,0x0000007393400000) (1024K)]
  0x000001bc19016360 JavaThread "Finalizer"                  daemon [_thread_blocked, id=11644, stack(0x0000007393400000,0x0000007393500000) (1024K)]
  0x000001bc1901d720 JavaThread "Signal Dispatcher"          daemon [_thread_blocked, id=17720, stack(0x0000007393500000,0x0000007393600000) (1024K)]
  0x000001bc1901f5a0 JavaThread "Attach Listener"            daemon [_thread_blocked, id=9132, stack(0x0000007393600000,0x0000007393700000) (1024K)]
  0x000001bc19020000 JavaThread "Service Thread"             daemon [_thread_blocked, id=15388, stack(0x0000007393700000,0x0000007393800000) (1024K)]
  0x000001bc19025f70 JavaThread "Monitor Deflation Thread"   daemon [_thread_blocked, id=11764, stack(0x0000007393800000,0x0000007393900000) (1024K)]
=>0x000001bc1902ed10 JavaThread "C2 CompilerThread0"         daemon [_thread_in_native, id=11456, stack(0x0000007393900000,0x0000007393a00000) (1024K)]
  0x000001bc1902f7c0 JavaThread "C1 CompilerThread0"         daemon [_thread_blocked, id=18568, stack(0x0000007393a00000,0x0000007393b00000) (1024K)]
  0x000001bc707dced0 JavaThread "Common-Cleaner"             daemon [_thread_blocked, id=4828, stack(0x0000007393b00000,0x0000007393c00000) (1024K)]
  0x000001bc192d3660 JavaThread "Notification Thread"        daemon [_thread_blocked, id=11296, stack(0x0000007393c00000,0x0000007393d00000) (1024K)]
  0x000001bc1a137c10 JavaThread "Daemon health stats"               [_thread_blocked, id=20400, stack(0x0000007394000000,0x0000007394100000) (1024K)]
  0x000001bc1a138fc0 JavaThread "Incoming local TCP Connector on port 60158"        [_thread_in_native, id=6172, stack(0x0000007394100000,0x0000007394200000) (1024K)]
  0x000001bc1a138930 JavaThread "Daemon periodic checks"            [_thread_blocked, id=3152, stack(0x0000007394200000,0x0000007394300000) (1024K)]
  0x000001bc1a139ce0 JavaThread "Daemon"                            [_thread_blocked, id=17348, stack(0x0000007394300000,0x0000007394400000) (1024K)]
  0x000001bc1a136860 JavaThread "Handler for socket connection from /127.0.0.1:60158 to /127.0.0.1:60159"        [_thread_in_native, id=12840, stack(0x0000007394400000,0x0000007394500000) (1024K)]
  0x000001bc1a136ef0 JavaThread "Cancel handler"                    [_thread_blocked, id=18844, stack(0x0000007394500000,0x0000007394600000) (1024K)]
  0x000001bc1a137580 JavaThread "Daemon worker"                     [_thread_in_vm, id=20068, stack(0x0000007394600000,0x0000007394700000) (1024K)]
  0x000001bc1a1382a0 JavaThread "Asynchronous log dispatcher for DefaultDaemonConnection: socket connection from /127.0.0.1:60158 to /127.0.0.1:60159"        [_thread_blocked, id=19260, stack(0x0000007394700000,0x0000007394800000) (1024K)]
  0x000001bc19573c10 JavaThread "Stdin handler"                     [_thread_blocked, id=10700, stack(0x0000007394800000,0x0000007394900000) (1024K)]
  0x000001bc195714b0 JavaThread "Daemon client event forwarder"        [_thread_blocked, id=20224, stack(0x0000007394900000,0x0000007394a00000) (1024K)]
  0x000001bc19570790 JavaThread "Cache worker for journal cache (C:\Users\82109\.gradle\caches\journal-1)"        [_thread_blocked, id=17264, stack(0x0000007394a00000,0x0000007394b00000) (1024K)]
  0x000001bc19574fc0 JavaThread "File lock request listener"        [_thread_in_native, id=12384, stack(0x0000007394b00000,0x0000007394c00000) (1024K)]
Total: 23

Other Threads:
  0x000001bc707ec170 VMThread "VM Thread"                           [id=7496, stack(0x0000007393200000,0x0000007393300000) (1024K)]
  0x000001bc707dc0f0 WatcherThread "VM Periodic Task Thread"        [id=16264, stack(0x0000007393100000,0x0000007393200000) (1024K)]
  0x000001bc561ab440 WorkerThread "GC Thread#0"                     [id=5684, stack(0x0000007392c00000,0x0000007392d00000) (1024K)]
  0x000001bc1934c970 WorkerThread "GC Thread#1"                     [id=20304, stack(0x0000007393d00000,0x0000007393e00000) (1024K)]
  0x000001bc1934cd20 WorkerThread "GC Thread#2"                     [id=3984, stack(0x0000007393e00000,0x0000007393f00000) (1024K)]
  0x000001bc1934d0d0 WorkerThread "GC Thread#3"                     [id=21340, stack(0x0000007393f00000,0x0000007394000000) (1024K)]
  0x000001bc561b1b60 ConcurrentGCThread "G1 Main Marker"            [id=1528, stack(0x0000007392d00000,0x0000007392e00000) (1024K)]
  0x000001bc561b2d20 WorkerThread "G1 Conc#0"                       [id=18688, stack(0x0000007392e00000,0x0000007392f00000) (1024K)]
  0x000001bc5624e420 ConcurrentGCThread "G1 Refine#0"               [id=19596, stack(0x0000007392f00000,0x0000007393000000) (1024K)]
  0x000001bc706b2660 ConcurrentGCThread "G1 Service"                [id=6700, stack(0x0000007393000000,0x0000007393100000) (1024K)]
Total: 10

Threads with active compile tasks:
C2 CompilerThread0  17321 2871   !   4       java.lang.ClassLoader::loadClass (121 bytes)
Total: 1

VM state: not at safepoint (normal execution)

VM Mutex/Monitor currently owned by a thread:  ([mutex/lock_event])
[0x00007fff58752888] Metaspace_lock - owner thread: 0x000001bc1a137580

Heap address: 0x00000000e0000000, size: 512 MB, Compressed Oops mode: 32-bit

CDS archive(s) mapped at: [0x000001bc00000000-0x000001bc00d70000-0x000001bc00d70000), size 14090240, SharedBaseAddress: 0x000001bc00000000, ArchiveRelocationMode: 1.
Compressed class space mapped at: 0x000001bc01000000-0x000001bc15000000, reserved size: 335544320
Narrow klass base: 0x000001bc00000000, Narrow klass shift: 0, Narrow klass range: 0x15000000

GC Precious Log:
 CardTable entry size: 512
 Card Set container configuration: InlinePtr #cards 5 size 8 Array Of Cards #cards 10 size 36 Howl #buckets 4 coarsen threshold 1843 Howl Bitmap #cards 512 size 80 coarsen threshold 460 Card regions per heap region 1 cards per card region 2048
 CPUs: 4 total, 4 available
 Memory: 8106M
 Large Page Support: Disabled
 NUMA Support: Disabled
 Compressed Oops: Enabled (32-bit)
 Heap Region Size: 1M
 Heap Min Capacity: 256M
 Heap Initial Capacity: 256M
 Heap Max Capacity: 512M
 Pre-touch: Disabled
 Parallel Workers: 4
 Concurrent Workers: 1
 Concurrent Refinement Workers: 4
 Periodic GC: Disabled

Heap:
 garbage-first heap   total reserved 524288K, committed 262144K, used 27300K [0x00000000e0000000, 0x0000000100000000)
  region size 1024K, 12 young (12288K), 5 survivors (5120K)
 Metaspace       used 15053K, committed 15488K, reserved 393216K
  class space    used 2111K, committed 2304K, reserved 327680K

Heap Regions: E=young(eden), S=young(survivor), O=old, HS=humongous(starts), HC=humongous(continues), CS=collection set, F=free, TAMS=top-at-mark-start, PB=parsable bottom
|   0|0x00000000e0000000, 0x00000000e0100000, 0x00000000e0100000|100%|HS|  |TAMS 0x00000000e0000000| PB 0x00000000e0000000| Complete |  0
|   1|0x00000000e0100000, 0x00000000e0200000, 0x00000000e0200000|100%|HC|  |TAMS 0x00000000e0100000| PB 0x00000000e0100000| Complete |  0
|   2|0x00000000e0200000, 0x00000000e0300000, 0x00000000e0300000|100%|HC|  |TAMS 0x00000000e0200000| PB 0x00000000e0200000| Complete |  0
|   3|0x00000000e0300000, 0x00000000e0400000, 0x00000000e0400000|100%| O|  |TAMS 0x00000000e0300000| PB 0x00000000e0300000| Untracked |  0
|   4|0x00000000e0400000, 0x00000000e0500000, 0x00000000e0500000|100%| O|  |TAMS 0x00000000e0400000| PB 0x00000000e0400000| Untracked |  0
|   5|0x00000000e0500000, 0x00000000e0600000, 0x00000000e0600000|100%| O|  |TAMS 0x00000000e0500000| PB 0x00000000e0500000| Untracked |  0
|   6|0x00000000e0600000, 0x00000000e0700000, 0x00000000e0700000|100%| O|  |TAMS 0x00000000e0600000| PB 0x00000000e0600000| Untracked |  0
|   7|0x00000000e0700000, 0x00000000e0800000, 0x00000000e0800000|100%| O|  |TAMS 0x00000000e0700000| PB 0x00000000e0700000| Untracked |  0
|   8|0x00000000e0800000, 0x00000000e0900000, 0x00000000e0900000|100%|HS|  |TAMS 0x00000000e0800000| PB 0x00000000e0800000| Complete |  0
|   9|0x00000000e0900000, 0x00000000e0a00000, 0x00000000e0a00000|100%| O|  |TAMS 0x00000000e0900000| PB 0x00000000e0900000| Untracked |  0
|  10|0x00000000e0a00000, 0x00000000e0b00000, 0x00000000e0b00000|100%| O|  |TAMS 0x00000000e0a00000| PB 0x00000000e0a00000| Untracked |  0
|  11|0x00000000e0b00000, 0x00000000e0c00000, 0x00000000e0c00000|100%| O|  |TAMS 0x00000000e0b00000| PB 0x00000000e0b00000| Untracked |  0
|  12|0x00000000e0c00000, 0x00000000e0d00000, 0x00000000e0d00000|100%| O|  |TAMS 0x00000000e0c00000| PB 0x00000000e0c00000| Untracked |  0
|  13|0x00000000e0d00000, 0x00000000e0e00000, 0x00000000e0e00000|100%| O|  |TAMS 0x00000000e0d00000| PB 0x00000000e0d00000| Untracked |  0
|  14|0x00000000e0e00000, 0x00000000e0f00000, 0x00000000e0f00000|100%| O|  |TAMS 0x00000000e0e00000| PB 0x00000000e0e00000| Untracked |  0
|  15|0x00000000e0f00000, 0x00000000e1000000, 0x00000000e1000000|100%| O|  |TAMS 0x00000000e0f00000| PB 0x00000000e0f00000| Untracked |  0
|  16|0x00000000e1000000, 0x00000000e1038e00, 0x00000000e1100000| 22%| O|  |TAMS 0x00000000e1000000| PB 0x00000000e1000000| Untracked |  0
|  17|0x00000000e1100000, 0x00000000e1100000, 0x00000000e1200000|  0%| F|  |TAMS 0x00000000e1100000| PB 0x00000000e1100000| Untracked |  0
|  18|0x00000000e1200000, 0x00000000e1200000, 0x00000000e1300000|  0%| F|  |TAMS 0x00000000e1200000| PB 0x00000000e1200000| Untracked |  0
|  19|0x00000000e1300000, 0x00000000e1300000, 0x00000000e1400000|  0%| F|  |TAMS 0x00000000e1300000| PB 0x00000000e1300000| Untracked |  0
|  20|0x00000000e1400000, 0x00000000e1400000, 0x00000000e1500000|  0%| F|  |TAMS 0x00000000e1400000| PB 0x00000000e1400000| Untracked |  0
|  21|0x00000000e1500000, 0x00000000e1500000, 0x00000000e1600000|  0%| F|  |TAMS 0x00000000e1500000| PB 0x00000000e1500000| Untracked |  0
|  22|0x00000000e1600000, 0x00000000e1600000, 0x00000000e1700000|  0%| F|  |TAMS 0x00000000e1600000| PB 0x00000000e1600000| Untracked |  0
|  23|0x00000000e1700000, 0x00000000e1700000, 0x00000000e1800000|  0%| F|  |TAMS 0x00000000e1700000| PB 0x00000000e1700000| Untracked |  0
|  24|0x00000000e1800000, 0x00000000e1800000, 0x00000000e1900000|  0%| F|  |TAMS 0x00000000e1800000| PB 0x00000000e1800000| Untracked |  0
|  25|0x00000000e1900000, 0x00000000e1900000, 0x00000000e1a00000|  0%| F|  |TAMS 0x00000000e1900000| PB 0x00000000e1900000| Untracked |  0
|  26|0x00000000e1a00000, 0x00000000e1a00000, 0x00000000e1b00000|  0%| F|  |TAMS 0x00000000e1a00000| PB 0x00000000e1a00000| Untracked |  0
|  27|0x00000000e1b00000, 0x00000000e1b00000, 0x00000000e1c00000|  0%| F|  |TAMS 0x00000000e1b00000| PB 0x00000000e1b00000| Untracked |  0
|  28|0x00000000e1c00000, 0x00000000e1c00000, 0x00000000e1d00000|  0%| F|  |TAMS 0x00000000e1c00000| PB 0x00000000e1c00000| Untracked |  0
|  29|0x00000000e1d00000, 0x00000000e1d00000, 0x00000000e1e00000|  0%| F|  |TAMS 0x00000000e1d00000| PB 0x00000000e1d00000| Untracked |  0
|  30|0x00000000e1e00000, 0x00000000e1e00000, 0x00000000e1f00000|  0%| F|  |TAMS 0x00000000e1e00000| PB 0x00000000e1e00000| Untracked |  0
|  31|0x00000000e1f00000, 0x00000000e1f00000, 0x00000000e2000000|  0%| F|  |TAMS 0x00000000e1f00000| PB 0x00000000e1f00000| Untracked |  0
|  32|0x00000000e2000000, 0x00000000e2000000, 0x00000000e2100000|  0%| F|  |TAMS 0x00000000e2000000| PB 0x00000000e2000000| Untracked |  0
|  33|0x00000000e2100000, 0x00000000e2100000, 0x00000000e2200000|  0%| F|  |TAMS 0x00000000e2100000| PB 0x00000000e2100000| Untracked |  0
|  34|0x00000000e2200000, 0x00000000e2200000, 0x00000000e2300000|  0%| F|  |TAMS 0x00000000e2200000| PB 0x00000000e2200000| Untracked |  0
|  35|0x00000000e2300000, 0x00000000e2300000, 0x00000000e2400000|  0%| F|  |TAMS 0x00000000e2300000| PB 0x00000000e2300000| Untracked |  0
|  36|0x00000000e2400000, 0x00000000e2400000, 0x00000000e2500000|  0%| F|  |TAMS 0x00000000e2400000| PB 0x00000000e2400000| Untracked |  0
|  37|0x00000000e2500000, 0x00000000e2500000, 0x00000000e2600000|  0%| F|  |TAMS 0x00000000e2500000| PB 0x00000000e2500000| Untracked |  0
|  38|0x00000000e2600000, 0x00000000e2600000, 0x00000000e2700000|  0%| F|  |TAMS 0x00000000e2600000| PB 0x00000000e2600000| Untracked |  0
|  39|0x00000000e2700000, 0x00000000e2700000, 0x00000000e2800000|  0%| F|  |TAMS 0x00000000e2700000| PB 0x00000000e2700000| Untracked |  0
|  40|0x00000000e2800000, 0x00000000e2800000, 0x00000000e2900000|  0%| F|  |TAMS 0x00000000e2800000| PB 0x00000000e2800000| Untracked |  0
|  41|0x00000000e2900000, 0x00000000e2900000, 0x00000000e2a00000|  0%| F|  |TAMS 0x00000000e2900000| PB 0x00000000e2900000| Untracked |  0
|  42|0x00000000e2a00000, 0x00000000e2a00000, 0x00000000e2b00000|  0%| F|  |TAMS 0x00000000e2a00000| PB 0x00000000e2a00000| Untracked |  0
|  43|0x00000000e2b00000, 0x00000000e2b00000, 0x00000000e2c00000|  0%| F|  |TAMS 0x00000000e2b00000| PB 0x00000000e2b00000| Untracked |  0
|  44|0x00000000e2c00000, 0x00000000e2c00000, 0x00000000e2d00000|  0%| F|  |TAMS 0x00000000e2c00000| PB 0x00000000e2c00000| Untracked |  0
|  45|0x00000000e2d00000, 0x00000000e2d00000, 0x00000000e2e00000|  0%| F|  |TAMS 0x00000000e2d00000| PB 0x00000000e2d00000| Untracked |  0
|  46|0x00000000e2e00000, 0x00000000e2e00000, 0x00000000e2f00000|  0%| F|  |TAMS 0x00000000e2e00000| PB 0x00000000e2e00000| Untracked |  0
|  47|0x00000000e2f00000, 0x00000000e2f00000, 0x00000000e3000000|  0%| F|  |TAMS 0x00000000e2f00000| PB 0x00000000e2f00000| Untracked |  0
|  48|0x00000000e3000000, 0x00000000e3000000, 0x00000000e3100000|  0%| F|  |TAMS 0x00000000e3000000| PB 0x00000000e3000000| Untracked |  0
|  49|0x00000000e3100000, 0x00000000e3100000, 0x00000000e3200000|  0%| F|  |TAMS 0x00000000e3100000| PB 0x00000000e3100000| Untracked |  0
|  50|0x00000000e3200000, 0x00000000e3200000, 0x00000000e3300000|  0%| F|  |TAMS 0x00000000e3200000| PB 0x00000000e3200000| Untracked |  0
|  51|0x00000000e3300000, 0x00000000e3300000, 0x00000000e3400000|  0%| F|  |TAMS 0x00000000e3300000| PB 0x00000000e3300000| Untracked |  0
|  52|0x00000000e3400000, 0x00000000e3400000, 0x00000000e3500000|  0%| F|  |TAMS 0x00000000e3400000| PB 0x00000000e3400000| Untracked |  0
|  53|0x00000000e3500000, 0x00000000e3500000, 0x00000000e3600000|  0%| F|  |TAMS 0x00000000e3500000| PB 0x00000000e3500000| Untracked |  0
|  54|0x00000000e3600000, 0x00000000e3600000, 0x00000000e3700000|  0%| F|  |TAMS 0x00000000e3600000| PB 0x00000000e3600000| Untracked |  0
|  55|0x00000000e3700000, 0x00000000e3700000, 0x00000000e3800000|  0%| F|  |TAMS 0x00000000e3700000| PB 0x00000000e3700000| Untracked |  0
|  56|0x00000000e3800000, 0x00000000e3800000, 0x00000000e3900000|  0%| F|  |TAMS 0x00000000e3800000| PB 0x00000000e3800000| Untracked |  0
|  57|0x00000000e3900000, 0x00000000e3900000, 0x00000000e3a00000|  0%| F|  |TAMS 0x00000000e3900000| PB 0x00000000e3900000| Untracked |  0
|  58|0x00000000e3a00000, 0x00000000e3a00000, 0x00000000e3b00000|  0%| F|  |TAMS 0x00000000e3a00000| PB 0x00000000e3a00000| Untracked |  0
|  59|0x00000000e3b00000, 0x00000000e3b00000, 0x00000000e3c00000|  0%| F|  |TAMS 0x00000000e3b00000| PB 0x00000000e3b00000| Untracked |  0
|  60|0x00000000e3c00000, 0x00000000e3c00000, 0x00000000e3d00000|  0%| F|  |TAMS 0x00000000e3c00000| PB 0x00000000e3c00000| Untracked |  0
|  61|0x00000000e3d00000, 0x00000000e3d00000, 0x00000000e3e00000|  0%| F|  |TAMS 0x00000000e3d00000| PB 0x00000000e3d00000| Untracked |  0
|  62|0x00000000e3e00000, 0x00000000e3e00000, 0x00000000e3f00000|  0%| F|  |TAMS 0x00000000e3e00000| PB 0x00000000e3e00000| Untracked |  0
|  63|0x00000000e3f00000, 0x00000000e3f00000, 0x00000000e4000000|  0%| F|  |TAMS 0x00000000e3f00000| PB 0x00000000e3f00000| Untracked |  0
|  64|0x00000000e4000000, 0x00000000e4000000, 0x00000000e4100000|  0%| F|  |TAMS 0x00000000e4000000| PB 0x00000000e4000000| Untracked |  0
|  65|0x00000000e4100000, 0x00000000e4100000, 0x00000000e4200000|  0%| F|  |TAMS 0x00000000e4100000| PB 0x00000000e4100000| Untracked |  0
|  66|0x00000000e4200000, 0x00000000e4200000, 0x00000000e4300000|  0%| F|  |TAMS 0x00000000e4200000| PB 0x00000000e4200000| Untracked |  0
|  67|0x00000000e4300000, 0x00000000e4300000, 0x00000000e4400000|  0%| F|  |TAMS 0x00000000e4300000| PB 0x00000000e4300000| Untracked |  0
|  68|0x00000000e4400000, 0x00000000e4400000, 0x00000000e4500000|  0%| F|  |TAMS 0x00000000e4400000| PB 0x00000000e4400000| Untracked |  0
|  69|0x00000000e4500000, 0x00000000e4500000, 0x00000000e4600000|  0%| F|  |TAMS 0x00000000e4500000| PB 0x00000000e4500000| Untracked |  0
|  70|0x00000000e4600000, 0x00000000e4600000, 0x00000000e4700000|  0%| F|  |TAMS 0x00000000e4600000| PB 0x00000000e4600000| Untracked |  0
|  71|0x00000000e4700000, 0x00000000e4700000, 0x00000000e4800000|  0%| F|  |TAMS 0x00000000e4700000| PB 0x00000000e4700000| Untracked |  0
|  72|0x00000000e4800000, 0x00000000e4800000, 0x00000000e4900000|  0%| F|  |TAMS 0x00000000e4800000| PB 0x00000000e4800000| Untracked |  0
|  73|0x00000000e4900000, 0x00000000e4900000, 0x00000000e4a00000|  0%| F|  |TAMS 0x00000000e4900000| PB 0x00000000e4900000| Untracked |  0
|  74|0x00000000e4a00000, 0x00000000e4a00000, 0x00000000e4b00000|  0%| F|  |TAMS 0x00000000e4a00000| PB 0x00000000e4a00000| Untracked |  0
|  75|0x00000000e4b00000, 0x00000000e4b00000, 0x00000000e4c00000|  0%| F|  |TAMS 0x00000000e4b00000| PB 0x00000000e4b00000| Untracked |  0
|  76|0x00000000e4c00000, 0x00000000e4c00000, 0x00000000e4d00000|  0%| F|  |TAMS 0x00000000e4c00000| PB 0x00000000e4c00000| Untracked |  0
|  77|0x00000000e4d00000, 0x00000000e4d00000, 0x00000000e4e00000|  0%| F|  |TAMS 0x00000000e4d00000| PB 0x00000000e4d00000| Untracked |  0
|  78|0x00000000e4e00000, 0x00000000e4e00000, 0x00000000e4f00000|  0%| F|  |TAMS 0x00000000e4e00000| PB 0x00000000e4e00000| Untracked |  0
|  79|0x00000000e4f00000, 0x00000000e4f00000, 0x00000000e5000000|  0%| F|  |TAMS 0x00000000e4f00000| PB 0x00000000e4f00000| Untracked |  0
|  80|0x00000000e5000000, 0x00000000e5000000, 0x00000000e5100000|  0%| F|  |TAMS 0x00000000e5000000| PB 0x00000000e5000000| Untracked |  0
|  81|0x00000000e5100000, 0x00000000e5100000, 0x00000000e5200000|  0%| F|  |TAMS 0x00000000e5100000| PB 0x00000000e5100000| Untracked |  0
|  82|0x00000000e5200000, 0x00000000e5200000, 0x00000000e5300000|  0%| F|  |TAMS 0x00000000e5200000| PB 0x00000000e5200000| Untracked |  0
|  83|0x00000000e5300000, 0x00000000e5300000, 0x00000000e5400000|  0%| F|  |TAMS 0x00000000e5300000| PB 0x00000000e5300000| Untracked |  0
|  84|0x00000000e5400000, 0x00000000e5400000, 0x00000000e5500000|  0%| F|  |TAMS 0x00000000e5400000| PB 0x00000000e5400000| Untracked |  0
|  85|0x00000000e5500000, 0x00000000e5500000, 0x00000000e5600000|  0%| F|  |TAMS 0x00000000e5500000| PB 0x00000000e5500000| Untracked |  0
|  86|0x00000000e5600000, 0x00000000e5600000, 0x00000000e5700000|  0%| F|  |TAMS 0x00000000e5600000| PB 0x00000000e5600000| Untracked |  0
|  87|0x00000000e5700000, 0x00000000e5700000, 0x00000000e5800000|  0%| F|  |TAMS 0x00000000e5700000| PB 0x00000000e5700000| Untracked |  0
|  88|0x00000000e5800000, 0x00000000e5800000, 0x00000000e5900000|  0%| F|  |TAMS 0x00000000e5800000| PB 0x00000000e5800000| Untracked |  0
|  89|0x00000000e5900000, 0x00000000e5900000, 0x00000000e5a00000|  0%| F|  |TAMS 0x00000000e5900000| PB 0x00000000e5900000| Untracked |  0
|  90|0x00000000e5a00000, 0x00000000e5a00000, 0x00000000e5b00000|  0%| F|  |TAMS 0x00000000e5a00000| PB 0x00000000e5a00000| Untracked |  0
|  91|0x00000000e5b00000, 0x00000000e5b00000, 0x00000000e5c00000|  0%| F|  |TAMS 0x00000000e5b00000| PB 0x00000000e5b00000| Untracked |  0
|  92|0x00000000e5c00000, 0x00000000e5c00000, 0x00000000e5d00000|  0%| F|  |TAMS 0x00000000e5c00000| PB 0x00000000e5c00000| Untracked |  0
|  93|0x00000000e5d00000, 0x00000000e5d00000, 0x00000000e5e00000|  0%| F|  |TAMS 0x00000000e5d00000| PB 0x00000000e5d00000| Untracked |  0
|  94|0x00000000e5e00000, 0x00000000e5e00000, 0x00000000e5f00000|  0%| F|  |TAMS 0x00000000e5e00000| PB 0x00000000e5e00000| Untracked |  0
|  95|0x00000000e5f00000, 0x00000000e5f00000, 0x00000000e6000000|  0%| F|  |TAMS 0x00000000e5f00000| PB 0x00000000e5f00000| Untracked |  0
|  96|0x00000000e6000000, 0x00000000e6000000, 0x00000000e6100000|  0%| F|  |TAMS 0x00000000e6000000| PB 0x00000000e6000000| Untracked |  0
|  97|0x00000000e6100000, 0x00000000e6100000, 0x00000000e6200000|  0%| F|  |TAMS 0x00000000e6100000| PB 0x00000000e6100000| Untracked |  0
|  98|0x00000000e6200000, 0x00000000e6200000, 0x00000000e6300000|  0%| F|  |TAMS 0x00000000e6200000| PB 0x00000000e6200000| Untracked |  0
|  99|0x00000000e6300000, 0x00000000e6300000, 0x00000000e6400000|  0%| F|  |TAMS 0x00000000e6300000| PB 0x00000000e6300000| Untracked |  0
| 100|0x00000000e6400000, 0x00000000e6400000, 0x00000000e6500000|  0%| F|  |TAMS 0x00000000e6400000| PB 0x00000000e6400000| Untracked |  0
| 101|0x00000000e6500000, 0x00000000e6500000, 0x00000000e6600000|  0%| F|  |TAMS 0x00000000e6500000| PB 0x00000000e6500000| Untracked |  0
| 102|0x00000000e6600000, 0x00000000e6600000, 0x00000000e6700000|  0%| F|  |TAMS 0x00000000e6600000| PB 0x00000000e6600000| Untracked |  0
| 103|0x00000000e6700000, 0x00000000e6700000, 0x00000000e6800000|  0%| F|  |TAMS 0x00000000e6700000| PB 0x00000000e6700000| Untracked |  0
| 104|0x00000000e6800000, 0x00000000e6800000, 0x00000000e6900000|  0%| F|  |TAMS 0x00000000e6800000| PB 0x00000000e6800000| Untracked |  0
| 105|0x00000000e6900000, 0x00000000e6900000, 0x00000000e6a00000|  0%| F|  |TAMS 0x00000000e6900000| PB 0x00000000e6900000| Untracked |  0
| 106|0x00000000e6a00000, 0x00000000e6a00000, 0x00000000e6b00000|  0%| F|  |TAMS 0x00000000e6a00000| PB 0x00000000e6a00000| Untracked |  0
| 107|0x00000000e6b00000, 0x00000000e6b00000, 0x00000000e6c00000|  0%| F|  |TAMS 0x00000000e6b00000| PB 0x00000000e6b00000| Untracked |  0
| 108|0x00000000e6c00000, 0x00000000e6c00000, 0x00000000e6d00000|  0%| F|  |TAMS 0x00000000e6c00000| PB 0x00000000e6c00000| Untracked |  0
| 109|0x00000000e6d00000, 0x00000000e6d00000, 0x00000000e6e00000|  0%| F|  |TAMS 0x00000000e6d00000| PB 0x00000000e6d00000| Untracked |  0
| 110|0x00000000e6e00000, 0x00000000e6e00000, 0x00000000e6f00000|  0%| F|  |TAMS 0x00000000e6e00000| PB 0x00000000e6e00000| Untracked |  0
| 111|0x00000000e6f00000, 0x00000000e6f00000, 0x00000000e7000000|  0%| F|  |TAMS 0x00000000e6f00000| PB 0x00000000e6f00000| Untracked |  0
| 112|0x00000000e7000000, 0x00000000e7000000, 0x00000000e7100000|  0%| F|  |TAMS 0x00000000e7000000| PB 0x00000000e7000000| Untracked |  0
| 113|0x00000000e7100000, 0x00000000e7100000, 0x00000000e7200000|  0%| F|  |TAMS 0x00000000e7100000| PB 0x00000000e7100000| Untracked |  0
| 114|0x00000000e7200000, 0x00000000e7200000, 0x00000000e7300000|  0%| F|  |TAMS 0x00000000e7200000| PB 0x00000000e7200000| Untracked |  0
| 115|0x00000000e7300000, 0x00000000e7300000, 0x00000000e7400000|  0%| F|  |TAMS 0x00000000e7300000| PB 0x00000000e7300000| Untracked |  0
| 116|0x00000000e7400000, 0x00000000e7400000, 0x00000000e7500000|  0%| F|  |TAMS 0x00000000e7400000| PB 0x00000000e7400000| Untracked |  0
| 117|0x00000000e7500000, 0x00000000e7500000, 0x00000000e7600000|  0%| F|  |TAMS 0x00000000e7500000| PB 0x00000000e7500000| Untracked |  0
| 118|0x00000000e7600000, 0x00000000e7600000, 0x00000000e7700000|  0%| F|  |TAMS 0x00000000e7600000| PB 0x00000000e7600000| Untracked |  0
| 119|0x00000000e7700000, 0x00000000e7700000, 0x00000000e7800000|  0%| F|  |TAMS 0x00000000e7700000| PB 0x00000000e7700000| Untracked |  0
| 120|0x00000000e7800000, 0x00000000e7800000, 0x00000000e7900000|  0%| F|  |TAMS 0x00000000e7800000| PB 0x00000000e7800000| Untracked |  0
| 121|0x00000000e7900000, 0x00000000e7900000, 0x00000000e7a00000|  0%| F|  |TAMS 0x00000000e7900000| PB 0x00000000e7900000| Untracked |  0
| 122|0x00000000e7a00000, 0x00000000e7a00000, 0x00000000e7b00000|  0%| F|  |TAMS 0x00000000e7a00000| PB 0x00000000e7a00000| Untracked |  0
| 123|0x00000000e7b00000, 0x00000000e7b00000, 0x00000000e7c00000|  0%| F|  |TAMS 0x00000000e7b00000| PB 0x00000000e7b00000| Untracked |  0
| 124|0x00000000e7c00000, 0x00000000e7c00000, 0x00000000e7d00000|  0%| F|  |TAMS 0x00000000e7c00000| PB 0x00000000e7c00000| Untracked |  0
| 125|0x00000000e7d00000, 0x00000000e7d00000, 0x00000000e7e00000|  0%| F|  |TAMS 0x00000000e7d00000| PB 0x00000000e7d00000| Untracked |  0
| 126|0x00000000e7e00000, 0x00000000e7e00000, 0x00000000e7f00000|  0%| F|  |TAMS 0x00000000e7e00000| PB 0x00000000e7e00000| Untracked |  0
| 127|0x00000000e7f00000, 0x00000000e7f00000, 0x00000000e8000000|  0%| F|  |TAMS 0x00000000e7f00000| PB 0x00000000e7f00000| Untracked |  0
| 128|0x00000000e8000000, 0x00000000e8000000, 0x00000000e8100000|  0%| F|  |TAMS 0x00000000e8000000| PB 0x00000000e8000000| Untracked |  0
| 129|0x00000000e8100000, 0x00000000e8100000, 0x00000000e8200000|  0%| F|  |TAMS 0x00000000e8100000| PB 0x00000000e8100000| Untracked |  0
| 130|0x00000000e8200000, 0x00000000e8200000, 0x00000000e8300000|  0%| F|  |TAMS 0x00000000e8200000| PB 0x00000000e8200000| Untracked |  0
| 131|0x00000000e8300000, 0x00000000e8300000, 0x00000000e8400000|  0%| F|  |TAMS 0x00000000e8300000| PB 0x00000000e8300000| Untracked |  0
| 132|0x00000000e8400000, 0x00000000e8400000, 0x00000000e8500000|  0%| F|  |TAMS 0x00000000e8400000| PB 0x00000000e8400000| Untracked |  0
| 133|0x00000000e8500000, 0x00000000e8500000, 0x00000000e8600000|  0%| F|  |TAMS 0x00000000e8500000| PB 0x00000000e8500000| Untracked |  0
| 134|0x00000000e8600000, 0x00000000e8600000, 0x00000000e8700000|  0%| F|  |TAMS 0x00000000e8600000| PB 0x00000000e8600000| Untracked |  0
| 135|0x00000000e8700000, 0x00000000e8700000, 0x00000000e8800000|  0%| F|  |TAMS 0x00000000e8700000| PB 0x00000000e8700000| Untracked |  0
| 136|0x00000000e8800000, 0x00000000e8800000, 0x00000000e8900000|  0%| F|  |TAMS 0x00000000e8800000| PB 0x00000000e8800000| Untracked |  0
| 137|0x00000000e8900000, 0x00000000e8900000, 0x00000000e8a00000|  0%| F|  |TAMS 0x00000000e8900000| PB 0x00000000e8900000| Untracked |  0
| 138|0x00000000e8a00000, 0x00000000e8a00000, 0x00000000e8b00000|  0%| F|  |TAMS 0x00000000e8a00000| PB 0x00000000e8a00000| Untracked |  0
| 139|0x00000000e8b00000, 0x00000000e8b00000, 0x00000000e8c00000|  0%| F|  |TAMS 0x00000000e8b00000| PB 0x00000000e8b00000| Untracked |  0
| 140|0x00000000e8c00000, 0x00000000e8c00000, 0x00000000e8d00000|  0%| F|  |TAMS 0x00000000e8c00000| PB 0x00000000e8c00000| Untracked |  0
| 141|0x00000000e8d00000, 0x00000000e8d00000, 0x00000000e8e00000|  0%| F|  |TAMS 0x00000000e8d00000| PB 0x00000000e8d00000| Untracked |  0
| 142|0x00000000e8e00000, 0x00000000e8e00000, 0x00000000e8f00000|  0%| F|  |TAMS 0x00000000e8e00000| PB 0x00000000e8e00000| Untracked |  0
| 143|0x00000000e8f00000, 0x00000000e8f00000, 0x00000000e9000000|  0%| F|  |TAMS 0x00000000e8f00000| PB 0x00000000e8f00000| Untracked |  0
| 144|0x00000000e9000000, 0x00000000e9000000, 0x00000000e9100000|  0%| F|  |TAMS 0x00000000e9000000| PB 0x00000000e9000000| Untracked |  0
| 145|0x00000000e9100000, 0x00000000e9100000, 0x00000000e9200000|  0%| F|  |TAMS 0x00000000e9100000| PB 0x00000000e9100000| Untracked |  0
| 146|0x00000000e9200000, 0x00000000e9200000, 0x00000000e9300000|  0%| F|  |TAMS 0x00000000e9200000| PB 0x00000000e9200000| Untracked |  0
| 147|0x00000000e9300000, 0x00000000e9300000, 0x00000000e9400000|  0%| F|  |TAMS 0x00000000e9300000| PB 0x00000000e9300000| Untracked |  0
| 148|0x00000000e9400000, 0x00000000e9400000, 0x00000000e9500000|  0%| F|  |TAMS 0x00000000e9400000| PB 0x00000000e9400000| Untracked |  0
| 149|0x00000000e9500000, 0x00000000e9500000, 0x00000000e9600000|  0%| F|  |TAMS 0x00000000e9500000| PB 0x00000000e9500000| Untracked |  0
| 150|0x00000000e9600000, 0x00000000e9600000, 0x00000000e9700000|  0%| F|  |TAMS 0x00000000e9600000| PB 0x00000000e9600000| Untracked |  0
| 151|0x00000000e9700000, 0x00000000e9700000, 0x00000000e9800000|  0%| F|  |TAMS 0x00000000e9700000| PB 0x00000000e9700000| Untracked |  0
| 152|0x00000000e9800000, 0x00000000e9800000, 0x00000000e9900000|  0%| F|  |TAMS 0x00000000e9800000| PB 0x00000000e9800000| Untracked |  0
| 153|0x00000000e9900000, 0x00000000e9900000, 0x00000000e9a00000|  0%| F|  |TAMS 0x00000000e9900000| PB 0x00000000e9900000| Untracked |  0
| 154|0x00000000e9a00000, 0x00000000e9a00000, 0x00000000e9b00000|  0%| F|  |TAMS 0x00000000e9a00000| PB 0x00000000e9a00000| Untracked |  0
| 155|0x00000000e9b00000, 0x00000000e9b00000, 0x00000000e9c00000|  0%| F|  |TAMS 0x00000000e9b00000| PB 0x00000000e9b00000| Untracked |  0
| 156|0x00000000e9c00000, 0x00000000e9c00000, 0x00000000e9d00000|  0%| F|  |TAMS 0x00000000e9c00000| PB 0x00000000e9c00000| Untracked |  0
| 157|0x00000000e9d00000, 0x00000000e9d00000, 0x00000000e9e00000|  0%| F|  |TAMS 0x00000000e9d00000| PB 0x00000000e9d00000| Untracked |  0
| 158|0x00000000e9e00000, 0x00000000e9e00000, 0x00000000e9f00000|  0%| F|  |TAMS 0x00000000e9e00000| PB 0x00000000e9e00000| Untracked |  0
| 159|0x00000000e9f00000, 0x00000000e9f00000, 0x00000000ea000000|  0%| F|  |TAMS 0x00000000e9f00000| PB 0x00000000e9f00000| Untracked |  0
| 160|0x00000000ea000000, 0x00000000ea000000, 0x00000000ea100000|  0%| F|  |TAMS 0x00000000ea000000| PB 0x00000000ea000000| Untracked |  0
| 161|0x00000000ea100000, 0x00000000ea100000, 0x00000000ea200000|  0%| F|  |TAMS 0x00000000ea100000| PB 0x00000000ea100000| Untracked |  0
| 162|0x00000000ea200000, 0x00000000ea200000, 0x00000000ea300000|  0%| F|  |TAMS 0x00000000ea200000| PB 0x00000000ea200000| Untracked |  0
| 163|0x00000000ea300000, 0x00000000ea300000, 0x00000000ea400000|  0%| F|  |TAMS 0x00000000ea300000| PB 0x00000000ea300000| Untracked |  0
| 164|0x00000000ea400000, 0x00000000ea400000, 0x00000000ea500000|  0%| F|  |TAMS 0x00000000ea400000| PB 0x00000000ea400000| Untracked |  0
| 165|0x00000000ea500000, 0x00000000ea500000, 0x00000000ea600000|  0%| F|  |TAMS 0x00000000ea500000| PB 0x00000000ea500000| Untracked |  0
| 166|0x00000000ea600000, 0x00000000ea600000, 0x00000000ea700000|  0%| F|  |TAMS 0x00000000ea600000| PB 0x00000000ea600000| Untracked |  0
| 167|0x00000000ea700000, 0x00000000ea700000, 0x00000000ea800000|  0%| F|  |TAMS 0x00000000ea700000| PB 0x00000000ea700000| Untracked |  0
| 168|0x00000000ea800000, 0x00000000ea800000, 0x00000000ea900000|  0%| F|  |TAMS 0x00000000ea800000| PB 0x00000000ea800000| Untracked |  0
| 169|0x00000000ea900000, 0x00000000ea900000, 0x00000000eaa00000|  0%| F|  |TAMS 0x00000000ea900000| PB 0x00000000ea900000| Untracked |  0
| 170|0x00000000eaa00000, 0x00000000eaa00000, 0x00000000eab00000|  0%| F|  |TAMS 0x00000000eaa00000| PB 0x00000000eaa00000| Untracked |  0
| 171|0x00000000eab00000, 0x00000000eab00000, 0x00000000eac00000|  0%| F|  |TAMS 0x00000000eab00000| PB 0x00000000eab00000| Untracked |  0
| 172|0x00000000eac00000, 0x00000000eac00000, 0x00000000ead00000|  0%| F|  |TAMS 0x00000000eac00000| PB 0x00000000eac00000| Untracked |  0
| 173|0x00000000ead00000, 0x00000000ead00000, 0x00000000eae00000|  0%| F|  |TAMS 0x00000000ead00000| PB 0x00000000ead00000| Untracked |  0
| 174|0x00000000eae00000, 0x00000000eae00000, 0x00000000eaf00000|  0%| F|  |TAMS 0x00000000eae00000| PB 0x00000000eae00000| Untracked |  0
| 175|0x00000000eaf00000, 0x00000000eaf00000, 0x00000000eb000000|  0%| F|  |TAMS 0x00000000eaf00000| PB 0x00000000eaf00000| Untracked |  0
| 176|0x00000000eb000000, 0x00000000eb000000, 0x00000000eb100000|  0%| F|  |TAMS 0x00000000eb000000| PB 0x00000000eb000000| Untracked |  0
| 177|0x00000000eb100000, 0x00000000eb100000, 0x00000000eb200000|  0%| F|  |TAMS 0x00000000eb100000| PB 0x00000000eb100000| Untracked |  0
| 178|0x00000000eb200000, 0x00000000eb200000, 0x00000000eb300000|  0%| F|  |TAMS 0x00000000eb200000| PB 0x00000000eb200000| Untracked |  0
| 179|0x00000000eb300000, 0x00000000eb300000, 0x00000000eb400000|  0%| F|  |TAMS 0x00000000eb300000| PB 0x00000000eb300000| Untracked |  0
| 180|0x00000000eb400000, 0x00000000eb400000, 0x00000000eb500000|  0%| F|  |TAMS 0x00000000eb400000| PB 0x00000000eb400000| Untracked |  0
| 181|0x00000000eb500000, 0x00000000eb500000, 0x00000000eb600000|  0%| F|  |TAMS 0x00000000eb500000| PB 0x00000000eb500000| Untracked |  0
| 182|0x00000000eb600000, 0x00000000eb600000, 0x00000000eb700000|  0%| F|  |TAMS 0x00000000eb600000| PB 0x00000000eb600000| Untracked |  0
| 183|0x00000000eb700000, 0x00000000eb700000, 0x00000000eb800000|  0%| F|  |TAMS 0x00000000eb700000| PB 0x00000000eb700000| Untracked |  0
| 184|0x00000000eb800000, 0x00000000eb800000, 0x00000000eb900000|  0%| F|  |TAMS 0x00000000eb800000| PB 0x00000000eb800000| Untracked |  0
| 185|0x00000000eb900000, 0x00000000eb900000, 0x00000000eba00000|  0%| F|  |TAMS 0x00000000eb900000| PB 0x00000000eb900000| Untracked |  0
| 186|0x00000000eba00000, 0x00000000eba00000, 0x00000000ebb00000|  0%| F|  |TAMS 0x00000000eba00000| PB 0x00000000eba00000| Untracked |  0
| 187|0x00000000ebb00000, 0x00000000ebb00000, 0x00000000ebc00000|  0%| F|  |TAMS 0x00000000ebb00000| PB 0x00000000ebb00000| Untracked |  0
| 188|0x00000000ebc00000, 0x00000000ebc00000, 0x00000000ebd00000|  0%| F|  |TAMS 0x00000000ebc00000| PB 0x00000000ebc00000| Untracked |  0
| 189|0x00000000ebd00000, 0x00000000ebd00000, 0x00000000ebe00000|  0%| F|  |TAMS 0x00000000ebd00000| PB 0x00000000ebd00000| Untracked |  0
| 190|0x00000000ebe00000, 0x00000000ebe00000, 0x00000000ebf00000|  0%| F|  |TAMS 0x00000000ebe00000| PB 0x00000000ebe00000| Untracked |  0
| 191|0x00000000ebf00000, 0x00000000ebf00000, 0x00000000ec000000|  0%| F|  |TAMS 0x00000000ebf00000| PB 0x00000000ebf00000| Untracked |  0
| 192|0x00000000ec000000, 0x00000000ec000000, 0x00000000ec100000|  0%| F|  |TAMS 0x00000000ec000000| PB 0x00000000ec000000| Untracked |  0
| 193|0x00000000ec100000, 0x00000000ec100000, 0x00000000ec200000|  0%| F|  |TAMS 0x00000000ec100000| PB 0x00000000ec100000| Untracked |  0
| 194|0x00000000ec200000, 0x00000000ec200000, 0x00000000ec300000|  0%| F|  |TAMS 0x00000000ec200000| PB 0x00000000ec200000| Untracked |  0
| 195|0x00000000ec300000, 0x00000000ec300000, 0x00000000ec400000|  0%| F|  |TAMS 0x00000000ec300000| PB 0x00000000ec300000| Untracked |  0
| 196|0x00000000ec400000, 0x00000000ec400000, 0x00000000ec500000|  0%| F|  |TAMS 0x00000000ec400000| PB 0x00000000ec400000| Untracked |  0
| 197|0x00000000ec500000, 0x00000000ec500000, 0x00000000ec600000|  0%| F|  |TAMS 0x00000000ec500000| PB 0x00000000ec500000| Untracked |  0
| 198|0x00000000ec600000, 0x00000000ec670368, 0x00000000ec700000| 43%| S|CS|TAMS 0x00000000ec600000| PB 0x00000000ec600000| Complete |  0
| 199|0x00000000ec700000, 0x00000000ec800000, 0x00000000ec800000|100%| S|CS|TAMS 0x00000000ec700000| PB 0x00000000ec700000| Complete |  0
| 200|0x00000000ec800000, 0x00000000ec900000, 0x00000000ec900000|100%| S|CS|TAMS 0x00000000ec800000| PB 0x00000000ec800000| Complete |  0
| 201|0x00000000ec900000, 0x00000000eca00000, 0x00000000eca00000|100%| S|CS|TAMS 0x00000000ec900000| PB 0x00000000ec900000| Complete |  0
| 202|0x00000000eca00000, 0x00000000ecb00000, 0x00000000ecb00000|100%| S|CS|TAMS 0x00000000eca00000| PB 0x00000000eca00000| Complete |  0
| 203|0x00000000ecb00000, 0x00000000ecb00000, 0x00000000ecc00000|  0%| F|  |TAMS 0x00000000ecb00000| PB 0x00000000ecb00000| Untracked |  0
| 204|0x00000000ecc00000, 0x00000000ecc00000, 0x00000000ecd00000|  0%| F|  |TAMS 0x00000000ecc00000| PB 0x00000000ecc00000| Untracked |  0
| 205|0x00000000ecd00000, 0x00000000ecd00000, 0x00000000ece00000|  0%| F|  |TAMS 0x00000000ecd00000| PB 0x00000000ecd00000| Untracked |  0
| 206|0x00000000ece00000, 0x00000000ece00000, 0x00000000ecf00000|  0%| F|  |TAMS 0x00000000ece00000| PB 0x00000000ece00000| Untracked |  0
| 207|0x00000000ecf00000, 0x00000000ecf00000, 0x00000000ed000000|  0%| F|  |TAMS 0x00000000ecf00000| PB 0x00000000ecf00000| Untracked |  0
| 208|0x00000000ed000000, 0x00000000ed000000, 0x00000000ed100000|  0%| F|  |TAMS 0x00000000ed000000| PB 0x00000000ed000000| Untracked |  0
| 209|0x00000000ed100000, 0x00000000ed100000, 0x00000000ed200000|  0%| F|  |TAMS 0x00000000ed100000| PB 0x00000000ed100000| Untracked |  0
| 210|0x00000000ed200000, 0x00000000ed200000, 0x00000000ed300000|  0%| F|  |TAMS 0x00000000ed200000| PB 0x00000000ed200000| Untracked |  0
| 211|0x00000000ed300000, 0x00000000ed300000, 0x00000000ed400000|  0%| F|  |TAMS 0x00000000ed300000| PB 0x00000000ed300000| Untracked |  0
| 212|0x00000000ed400000, 0x00000000ed400000, 0x00000000ed500000|  0%| F|  |TAMS 0x00000000ed400000| PB 0x00000000ed400000| Untracked |  0
| 213|0x00000000ed500000, 0x00000000ed500000, 0x00000000ed600000|  0%| F|  |TAMS 0x00000000ed500000| PB 0x00000000ed500000| Untracked |  0
| 214|0x00000000ed600000, 0x00000000ed600000, 0x00000000ed700000|  0%| F|  |TAMS 0x00000000ed600000| PB 0x00000000ed600000| Untracked |  0
| 215|0x00000000ed700000, 0x00000000ed700000, 0x00000000ed800000|  0%| F|  |TAMS 0x00000000ed700000| PB 0x00000000ed700000| Untracked |  0
| 216|0x00000000ed800000, 0x00000000ed800000, 0x00000000ed900000|  0%| F|  |TAMS 0x00000000ed800000| PB 0x00000000ed800000| Untracked |  0
| 217|0x00000000ed900000, 0x00000000ed900000, 0x00000000eda00000|  0%| F|  |TAMS 0x00000000ed900000| PB 0x00000000ed900000| Untracked |  0
| 218|0x00000000eda00000, 0x00000000eda00000, 0x00000000edb00000|  0%| F|  |TAMS 0x00000000eda00000| PB 0x00000000eda00000| Untracked |  0
| 219|0x00000000edb00000, 0x00000000edb00000, 0x00000000edc00000|  0%| F|  |TAMS 0x00000000edb00000| PB 0x00000000edb00000| Untracked |  0
| 220|0x00000000edc00000, 0x00000000edc00000, 0x00000000edd00000|  0%| F|  |TAMS 0x00000000edc00000| PB 0x00000000edc00000| Untracked |  0
| 221|0x00000000edd00000, 0x00000000edd00000, 0x00000000ede00000|  0%| F|  |TAMS 0x00000000edd00000| PB 0x00000000edd00000| Untracked |  0
| 222|0x00000000ede00000, 0x00000000ede00000, 0x00000000edf00000|  0%| F|  |TAMS 0x00000000ede00000| PB 0x00000000ede00000| Untracked |  0
| 223|0x00000000edf00000, 0x00000000edf00000, 0x00000000ee000000|  0%| F|  |TAMS 0x00000000edf00000| PB 0x00000000edf00000| Untracked |  0
| 224|0x00000000ee000000, 0x00000000ee000000, 0x00000000ee100000|  0%| F|  |TAMS 0x00000000ee000000| PB 0x00000000ee000000| Untracked |  0
| 225|0x00000000ee100000, 0x00000000ee100000, 0x00000000ee200000|  0%| F|  |TAMS 0x00000000ee100000| PB 0x00000000ee100000| Untracked |  0
| 226|0x00000000ee200000, 0x00000000ee200000, 0x00000000ee300000|  0%| F|  |TAMS 0x00000000ee200000| PB 0x00000000ee200000| Untracked |  0
| 227|0x00000000ee300000, 0x00000000ee300000, 0x00000000ee400000|  0%| F|  |TAMS 0x00000000ee300000| PB 0x00000000ee300000| Untracked |  0
| 228|0x00000000ee400000, 0x00000000ee400000, 0x00000000ee500000|  0%| F|  |TAMS 0x00000000ee400000| PB 0x00000000ee400000| Untracked |  0
| 229|0x00000000ee500000, 0x00000000ee500000, 0x00000000ee600000|  0%| F|  |TAMS 0x00000000ee500000| PB 0x00000000ee500000| Untracked |  0
| 230|0x00000000ee600000, 0x00000000ee600000, 0x00000000ee700000|  0%| F|  |TAMS 0x00000000ee600000| PB 0x00000000ee600000| Untracked |  0
| 231|0x00000000ee700000, 0x00000000ee700000, 0x00000000ee800000|  0%| F|  |TAMS 0x00000000ee700000| PB 0x00000000ee700000| Untracked |  0
| 232|0x00000000ee800000, 0x00000000ee800000, 0x00000000ee900000|  0%| F|  |TAMS 0x00000000ee800000| PB 0x00000000ee800000| Untracked |  0
| 233|0x00000000ee900000, 0x00000000ee900000, 0x00000000eea00000|  0%| F|  |TAMS 0x00000000ee900000| PB 0x00000000ee900000| Untracked |  0
| 234|0x00000000eea00000, 0x00000000eea00000, 0x00000000eeb00000|  0%| F|  |TAMS 0x00000000eea00000| PB 0x00000000eea00000| Untracked |  0
| 235|0x00000000eeb00000, 0x00000000eeb00000, 0x00000000eec00000|  0%| F|  |TAMS 0x00000000eeb00000| PB 0x00000000eeb00000| Untracked |  0
| 236|0x00000000eec00000, 0x00000000eec00000, 0x00000000eed00000|  0%| F|  |TAMS 0x00000000eec00000| PB 0x00000000eec00000| Untracked |  0
| 237|0x00000000eed00000, 0x00000000eed00000, 0x00000000eee00000|  0%| F|  |TAMS 0x00000000eed00000| PB 0x00000000eed00000| Untracked |  0
| 238|0x00000000eee00000, 0x00000000eee00000, 0x00000000eef00000|  0%| F|  |TAMS 0x00000000eee00000| PB 0x00000000eee00000| Untracked |  0
| 239|0x00000000eef00000, 0x00000000eef00000, 0x00000000ef000000|  0%| F|  |TAMS 0x00000000eef00000| PB 0x00000000eef00000| Untracked |  0
| 240|0x00000000ef000000, 0x00000000ef000000, 0x00000000ef100000|  0%| F|  |TAMS 0x00000000ef000000| PB 0x00000000ef000000| Untracked |  0
| 241|0x00000000ef100000, 0x00000000ef100000, 0x00000000ef200000|  0%| F|  |TAMS 0x00000000ef100000| PB 0x00000000ef100000| Untracked |  0
| 242|0x00000000ef200000, 0x00000000ef200000, 0x00000000ef300000|  0%| F|  |TAMS 0x00000000ef200000| PB 0x00000000ef200000| Untracked |  0
| 243|0x00000000ef300000, 0x00000000ef300000, 0x00000000ef400000|  0%| F|  |TAMS 0x00000000ef300000| PB 0x00000000ef300000| Untracked |  0
| 244|0x00000000ef400000, 0x00000000ef400000, 0x00000000ef500000|  0%| F|  |TAMS 0x00000000ef400000| PB 0x00000000ef400000| Untracked |  0
| 245|0x00000000ef500000, 0x00000000ef500000, 0x00000000ef600000|  0%| F|  |TAMS 0x00000000ef500000| PB 0x00000000ef500000| Untracked |  0
| 246|0x00000000ef600000, 0x00000000ef600000, 0x00000000ef700000|  0%| F|  |TAMS 0x00000000ef600000| PB 0x00000000ef600000| Untracked |  0
| 247|0x00000000ef700000, 0x00000000ef700000, 0x00000000ef800000|  0%| F|  |TAMS 0x00000000ef700000| PB 0x00000000ef700000| Untracked |  0
| 248|0x00000000ef800000, 0x00000000ef800000, 0x00000000ef900000|  0%| F|  |TAMS 0x00000000ef800000| PB 0x00000000ef800000| Untracked |  0
| 249|0x00000000ef900000, 0x00000000ef98bd58, 0x00000000efa00000| 54%| E|  |TAMS 0x00000000ef900000| PB 0x00000000ef900000| Complete |  0
| 250|0x00000000efa00000, 0x00000000efb00000, 0x00000000efb00000|100%| E|CS|TAMS 0x00000000efa00000| PB 0x00000000efa00000| Complete |  0
| 251|0x00000000efb00000, 0x00000000efc00000, 0x00000000efc00000|100%| E|CS|TAMS 0x00000000efb00000| PB 0x00000000efb00000| Complete |  0
| 252|0x00000000efc00000, 0x00000000efd00000, 0x00000000efd00000|100%| E|CS|TAMS 0x00000000efc00000| PB 0x00000000efc00000| Complete |  0
| 253|0x00000000efd00000, 0x00000000efe00000, 0x00000000efe00000|100%| E|CS|TAMS 0x00000000efd00000| PB 0x00000000efd00000| Complete |  0
| 254|0x00000000efe00000, 0x00000000eff00000, 0x00000000eff00000|100%| E|CS|TAMS 0x00000000efe00000| PB 0x00000000efe00000| Complete |  0
| 255|0x00000000eff00000, 0x00000000f0000000, 0x00000000f0000000|100%| E|CS|TAMS 0x00000000eff00000| PB 0x00000000eff00000| Complete |  0

Card table byte_map: [0x000001bc6d8c0000,0x000001bc6d9c0000] _byte_map_base: 0x000001bc6d1c0000

Marking Bits: (CMBitMap*) 0x000001bc561aba60
 Bits: [0x000001bc6d9c0000, 0x000001bc6e1c0000)

Polling page: 0x000001bc53fc0000

Metaspace:

Usage:
  Non-class:     12.64 MB used.
      Class:      2.06 MB used.
       Both:     14.70 MB used.

Virtual space:
  Non-class space:       64.00 MB reserved,      12.88 MB ( 20%) committed,  1 nodes.
      Class space:      320.00 MB reserved,       2.25 MB ( <1%) committed,  1 nodes.
             Both:      384.00 MB reserved,      15.12 MB (  4%) committed. 

Chunk freelists:
   Non-Class:  3.13 MB
       Class:  13.75 MB
        Both:  16.88 MB

MaxMetaspaceSize: 384.00 MB
CompressedClassSpaceSize: 320.00 MB
Initial GC threshold: 21.00 MB
Current GC threshold: 21.00 MB
CDS: on
 - commit_granule_bytes: 65536.
 - commit_granule_words: 8192.
 - virtual_space_node_default_size: 8388608.
 - enlarge_chunks_in_place: 1.
 - use_allocation_guard: 0.


Internal statistics:

num_allocs_failed_limit: 0.
num_arena_births: 482.
num_arena_deaths: 0.
num_vsnodes_births: 2.
num_vsnodes_deaths: 0.
num_space_committed: 242.
num_space_uncommitted: 0.
num_chunks_returned_to_freelist: 0.
num_chunks_taken_from_freelist: 948.
num_chunk_merges: 0.
num_chunk_splits: 631.
num_chunks_enlarged: 451.
num_inconsistent_stats: 0.

CodeHeap 'non-profiled nmethods': size=120064Kb used=1059Kb max_used=1059Kb free=119004Kb
 bounds [0x000001bc66380000, 0x000001bc665f0000, 0x000001bc6d8c0000]
CodeHeap 'profiled nmethods': size=120000Kb used=4381Kb max_used=4381Kb free=115618Kb
 bounds [0x000001bc5e8c0000, 0x000001bc5ed10000, 0x000001bc65df0000]
CodeHeap 'non-nmethods': size=5696Kb used=1479Kb max_used=1494Kb free=4216Kb
 bounds [0x000001bc65df0000, 0x000001bc66060000, 0x000001bc66380000]
CodeCache: size=245760Kb, used=6919Kb, max_used=6934Kb, free=238838Kb
 total_blobs=3465, nmethods=2894, adapters=477, full_count=0
Compilation: enabled, stopped_count=0, restarted_count=0

Compilation events (20 events):
Event: 16.447 Thread 0x000001bc1902f7c0 2879       3       java.lang.invoke.InfoFromMemberName::getModifiers (8 bytes)
Event: 16.447 Thread 0x000001bc1902f7c0 nmethod 2879 0x000001bc5ed00e08 code [0x000001bc5ed00f20, 0x000001bc5ed01098]
Event: 16.447 Thread 0x000001bc1902f7c0 2880       3       java.lang.invoke.MethodHandles$Lookup::makeHiddenClassDefiner (20 bytes)
Event: 16.448 Thread 0x000001bc1902f7c0 nmethod 2880 0x000001bc5ed01108 code [0x000001bc5ed01260, 0x000001bc5ed01560]
Event: 16.462 Thread 0x000001bc1902f7c0 2881       3       java.util.Properties::loadConvert (540 bytes)
Event: 16.464 Thread 0x000001bc1902f7c0 nmethod 2881 0x000001bc5ed01588 code [0x000001bc5ed01800, 0x000001bc5ed02ab0]
Event: 16.464 Thread 0x000001bc1902f7c0 2882       3       jdk.internal.misc.Unsafe::shouldBeInitialized (18 bytes)
Event: 16.464 Thread 0x000001bc1902f7c0 nmethod 2882 0x000001bc5ed02b08 code [0x000001bc5ed02c40, 0x000001bc5ed02e80]
Event: 16.465 Thread 0x000001bc1902f7c0 2883       3       java.lang.invoke.LambdaFormEditor::bindArgumentForm (255 bytes)
Event: 16.467 Thread 0x000001bc1902f7c0 nmethod 2883 0x000001bc5ed02f08 code [0x000001bc5ed03240, 0x000001bc5ed04660]
Event: 16.467 Thread 0x000001bc1902f7c0 2886       3       java.lang.invoke.LambdaForm$Name::replaceNames (175 bytes)
Event: 16.468 Thread 0x000001bc1902f7c0 nmethod 2886 0x000001bc5ed04708 code [0x000001bc5ed048c0, 0x000001bc5ed053b8]
Event: 16.468 Thread 0x000001bc1902f7c0 2888       3       java.lang.invoke.LambdaFormBuffer::insertName (106 bytes)
Event: 16.469 Thread 0x000001bc1902f7c0 nmethod 2888 0x000001bc5ed05408 code [0x000001bc5ed05540, 0x000001bc5ed05760]
Event: 16.469 Thread 0x000001bc1902f7c0 2884       3       java.lang.invoke.LambdaFormEditor$TransformKey::of (49 bytes)
Event: 16.469 Thread 0x000001bc1902f7c0 nmethod 2884 0x000001bc5ed05788 code [0x000001bc5ed05900, 0x000001bc5ed05e48]
Event: 16.469 Thread 0x000001bc1902f7c0 2885       3       java.lang.invoke.LambdaFormEditor$TransformKey::bval (26 bytes)
Event: 16.469 Thread 0x000001bc1902f7c0 nmethod 2885 0x000001bc5ed05e88 code [0x000001bc5ed05fa0, 0x000001bc5ed060a8]
Event: 16.469 Thread 0x000001bc1902f7c0 2887       3       jdk.internal.misc.Unsafe::ensureClassInitialized (18 bytes)
Event: 16.469 Thread 0x000001bc1902f7c0 nmethod 2887 0x000001bc5ed06188 code [0x000001bc5ed062c0, 0x000001bc5ed064f8]

GC Heap History (10 events):
Event: 2.629 GC heap before
{Heap before GC invocations=0 (full 0):
 garbage-first heap   total reserved 524288K, committed 262144K, used 14336K [0x00000000e0000000, 0x0000000100000000)
  region size 1024K, 14 young (14336K), 0 survivors (0K)
 Metaspace       used 870K, committed 1024K, reserved 393216K
  class space    used 74K, committed 128K, reserved 327680K
}
Event: 2.674 GC heap after
{Heap after GC invocations=1 (full 0):
 garbage-first heap   total reserved 524288K, committed 262144K, used 1520K [0x00000000e0000000, 0x0000000100000000)
  region size 1024K, 2 young (2048K), 2 survivors (2048K)
 Metaspace       used 870K, committed 1024K, reserved 393216K
  class space    used 74K, committed 128K, reserved 327680K
}
Event: 4.755 GC heap before
{Heap before GC invocations=1 (full 0):
 garbage-first heap   total reserved 524288K, committed 262144K, used 17904K [0x00000000e0000000, 0x0000000100000000)
  region size 1024K, 16 young (16384K), 2 survivors (2048K)
 Metaspace       used 1372K, committed 1536K, reserved 393216K
  class space    used 109K, committed 192K, reserved 327680K
}
Event: 4.760 GC heap after
{Heap after GC invocations=2 (full 0):
 garbage-first heap   total reserved 524288K, committed 262144K, used 10134K [0x00000000e0000000, 0x0000000100000000)
  region size 1024K, 2 young (2048K), 2 survivors (2048K)
 Metaspace       used 1372K, committed 1536K, reserved 393216K
  class space    used 109K, committed 192K, reserved 327680K
}
Event: 7.089 GC heap before
{Heap before GC invocations=2 (full 0):
 garbage-first heap   total reserved 524288K, committed 262144K, used 38806K [0x00000000e0000000, 0x0000000100000000)
  region size 1024K, 30 young (30720K), 2 survivors (2048K)
 Metaspace       used 4720K, committed 4928K, reserved 393216K
  class space    used 606K, committed 704K, reserved 327680K
}
Event: 7.094 GC heap after
{Heap after GC invocations=3 (full 0):
 garbage-first heap   total reserved 524288K, committed 262144K, used 11613K [0x00000000e0000000, 0x0000000100000000)
  region size 1024K, 4 young (4096K), 4 survivors (4096K)
 Metaspace       used 4720K, committed 4928K, reserved 393216K
  class space    used 606K, committed 704K, reserved 327680K
}
Event: 9.901 GC heap before
{Heap before GC invocations=3 (full 0):
 garbage-first heap   total reserved 524288K, committed 262144K, used 49501K [0x00000000e0000000, 0x0000000100000000)
  region size 1024K, 39 young (39936K), 4 survivors (4096K)
 Metaspace       used 4770K, committed 4992K, reserved 393216K
  class space    used 608K, committed 704K, reserved 327680K
}
Event: 9.909 GC heap after
{Heap after GC invocations=4 (full 0):
 garbage-first heap   total reserved 524288K, committed 262144K, used 16569K [0x00000000e0000000, 0x0000000100000000)
  region size 1024K, 5 young (5120K), 5 survivors (5120K)
 Metaspace       used 4770K, committed 4992K, reserved 393216K
  class space    used 608K, committed 704K, reserved 327680K
}
Event: 15.893 GC heap before
{Heap before GC invocations=4 (full 0):
 garbage-first heap   total reserved 524288K, committed 262144K, used 64697K [0x00000000e0000000, 0x0000000100000000)
  region size 1024K, 53 young (54272K), 5 survivors (5120K)
 Metaspace       used 14138K, committed 14592K, reserved 393216K
  class space    used 1979K, committed 2176K, reserved 327680K
}
Event: 15.906 GC heap after
{Heap after GC invocations=5 (full 0):
 garbage-first heap   total reserved 524288K, committed 262144K, used 21156K [0x00000000e0000000, 0x0000000100000000)
  region size 1024K, 5 young (5120K), 5 survivors (5120K)
 Metaspace       used 14138K, committed 14592K, reserved 393216K
  class space    used 1979K, committed 2176K, reserved 327680K
}

Dll operation events (15 events):
Event: 0.064 Loaded shared library C:\Users\82109\.jdks\openjdk-23.0.2\bin\java.dll
Event: 0.196 Loaded shared library C:\Users\82109\.jdks\openjdk-23.0.2\bin\jsvml.dll
Event: 0.567 Loaded shared library C:\Users\82109\.jdks\openjdk-23.0.2\bin\zip.dll
Event: 0.576 Loaded shared library C:\Users\82109\.jdks\openjdk-23.0.2\bin\instrument.dll
Event: 0.742 Loaded shared library C:\Users\82109\.jdks\openjdk-23.0.2\bin\net.dll
Event: 0.783 Loaded shared library C:\Users\82109\.jdks\openjdk-23.0.2\bin\nio.dll
Event: 0.790 Loaded shared library C:\Users\82109\.jdks\openjdk-23.0.2\bin\zip.dll
Event: 2.904 Loaded shared library C:\Users\82109\.jdks\openjdk-23.0.2\bin\jimage.dll
Event: 4.698 Loaded shared library C:\Users\82109\.jdks\openjdk-23.0.2\bin\verify.dll
Event: 5.229 Loaded shared library C:\Users\82109\.gradle\native\1def1411415f61bf3af743bc5b6707747c0891f09f0c88961ee8f79bc544acac\windows-amd64\native-platform.dll
Event: 5.344 Loaded shared library C:\Users\82109\.gradle\native\0.2.7\x86_64-windows-gnu\gradle-fileevents.dll
Event: 11.736 Loaded shared library C:\Users\82109\.jdks\openjdk-23.0.2\bin\management.dll
Event: 11.805 Loaded shared library C:\Users\82109\.jdks\openjdk-23.0.2\bin\management_ext.dll
Event: 12.982 Loaded shared library C:\Users\82109\.jdks\openjdk-23.0.2\bin\extnet.dll
Event: 14.348 Loaded shared library C:\Users\82109\.jdks\openjdk-23.0.2\bin\sunmscapi.dll

Deoptimization events (20 events):
Event: 15.403 Thread 0x000001bc1a137580 Uncommon trap: trap_request=0xffffffde fr.pc=0x000001bc6645a160 relative=0x00000000000008a0
Event: 15.403 Thread 0x000001bc1a137580 Uncommon trap: reason=class_check action=maybe_recompile pc=0x000001bc6645a160 method=java.util.regex.Pattern$BmpCharProperty.match(Ljava/util/regex/Matcher;ILjava/lang/CharSequence;)Z @ 36 c2
Event: 15.403 Thread 0x000001bc1a137580 DEOPT PACKING pc=0x000001bc6645a160 sp=0x00000073946fc670
Event: 15.403 Thread 0x000001bc1a137580 DEOPT UNPACKING pc=0x000001bc65e443fc sp=0x00000073946fc5a8 mode 2
Event: 15.403 Thread 0x000001bc1a137580 Uncommon trap: trap_request=0xffffffde fr.pc=0x000001bc6645a160 relative=0x00000000000008a0
Event: 15.403 Thread 0x000001bc1a137580 Uncommon trap: reason=class_check action=maybe_recompile pc=0x000001bc6645a160 method=java.util.regex.Pattern$BmpCharProperty.match(Ljava/util/regex/Matcher;ILjava/lang/CharSequence;)Z @ 36 c2
Event: 15.403 Thread 0x000001bc1a137580 DEOPT PACKING pc=0x000001bc6645a160 sp=0x00000073946fc670
Event: 15.403 Thread 0x000001bc1a137580 DEOPT UNPACKING pc=0x000001bc65e443fc sp=0x00000073946fc5a8 mode 2
Event: 15.403 Thread 0x000001bc1a137580 Uncommon trap: trap_request=0xffffffde fr.pc=0x000001bc6645a160 relative=0x00000000000008a0
Event: 15.403 Thread 0x000001bc1a137580 Uncommon trap: reason=class_check action=maybe_recompile pc=0x000001bc6645a160 method=java.util.regex.Pattern$BmpCharProperty.match(Ljava/util/regex/Matcher;ILjava/lang/CharSequence;)Z @ 36 c2
Event: 15.403 Thread 0x000001bc1a137580 DEOPT PACKING pc=0x000001bc6645a160 sp=0x00000073946fc670
Event: 15.403 Thread 0x000001bc1a137580 DEOPT UNPACKING pc=0x000001bc65e443fc sp=0x00000073946fc5a8 mode 2
Event: 15.403 Thread 0x000001bc1a137580 Uncommon trap: trap_request=0xffffffde fr.pc=0x000001bc6645a160 relative=0x00000000000008a0
Event: 15.403 Thread 0x000001bc1a137580 Uncommon trap: reason=class_check action=maybe_recompile pc=0x000001bc6645a160 method=java.util.regex.Pattern$BmpCharProperty.match(Ljava/util/regex/Matcher;ILjava/lang/CharSequence;)Z @ 36 c2
Event: 15.403 Thread 0x000001bc1a137580 DEOPT PACKING pc=0x000001bc6645a160 sp=0x00000073946fc670
Event: 15.403 Thread 0x000001bc1a137580 DEOPT UNPACKING pc=0x000001bc65e443fc sp=0x00000073946fc5a8 mode 2
Event: 15.613 Thread 0x000001bc1a137580 Uncommon trap: trap_request=0xffffff45 fr.pc=0x000001bc66472d54 relative=0x0000000000000f14
Event: 15.613 Thread 0x000001bc1a137580 Uncommon trap: reason=unstable_if action=reinterpret pc=0x000001bc66472d54 method=java.lang.invoke.LambdaForm$Name.replaceNames([Ljava/lang/invoke/LambdaForm$Name;[Ljava/lang/invoke/LambdaForm$Name;II)Ljava/lang/invoke/LambdaForm$Name; @ 3 c2
Event: 15.613 Thread 0x000001bc1a137580 DEOPT PACKING pc=0x000001bc66472d54 sp=0x00000073946fd150
Event: 15.614 Thread 0x000001bc1a137580 DEOPT UNPACKING pc=0x000001bc65e443fc sp=0x00000073946fd0f0 mode 2

Classes loaded (20 events):
Event: 16.143 Loading class java/nio/file/FileSystemException done
Event: 16.143 Loading class java/nio/file/NoSuchFileException done
Event: 16.146 Loading class java/nio/file/attribute/PosixFilePermissions
Event: 16.147 Loading class java/nio/file/attribute/PosixFilePermissions done
Event: 16.147 Loading class java/util/RegularEnumSet$EnumSetIterator
Event: 16.160 Loading class java/util/RegularEnumSet$EnumSetIterator done
Event: 16.160 Loading class java/nio/file/attribute/PosixFilePermissions$1
Event: 16.160 Loading class java/nio/file/attribute/PosixFilePermissions$1 done
Event: 16.255 Loading class java/util/concurrent/ArrayBlockingQueue
Event: 16.256 Loading class java/util/concurrent/ArrayBlockingQueue done
Event: 16.256 Loading class java/util/concurrent/locks/ReentrantLock$FairSync
Event: 16.261 Loading class java/util/concurrent/locks/ReentrantLock$FairSync done
Event: 16.270 Loading class sun/misc/Unsafe
Event: 16.285 Loading class sun/misc/Unsafe done
Event: 16.286 Loading class sun/misc/Unsafe$MemoryAccessOption
Event: 16.287 Loading class sun/misc/Unsafe$MemoryAccessOption done
Event: 16.374 Loading class java/net/DatagramPacket
Event: 16.402 Loading class java/net/DatagramPacket done
Event: 16.404 Loading class sun/nio/ch/DatagramChannelImpl$DatagramPackets
Event: 16.415 Loading class sun/nio/ch/DatagramChannelImpl$DatagramPackets done

Classes unloaded (0 events):
No events

Classes redefined (0 events):
No events

Internal exceptions (20 events):
Event: 12.287 Thread 0x000001bc54051670 Exception <a 'java/lang/NoSuchMethodError'{0x00000000eef186b8}: 'java.lang.Object java.lang.invoke.DirectMethodHandle$Holder.invokeStatic(java.lang.Object, java.lang.Object, java.lang.Object, java.lang.Object, java.lang.Object, java.lang.Object, java.lang.Object, java.lang.Object, java.lang.Object, java.lang.Object, java.lang.Object, java.lang.Object, java.lang.Object, java.lang.Object, java.lang.Object)'> (0x00000000eef186b8) 
thrown [s\open\src\hotspot\share\interpreter\linkResolver.cpp, line 796]
Event: 12.293 Thread 0x000001bc54051670 Exception <a 'java/lang/NoSuchMethodError'{0x00000000eef3e210}: 'java.lang.Object java.lang.invoke.DirectMethodHandle$Holder.invokeStatic(java.lang.Object, java.lang.Object, java.lang.Object, java.lang.Object, java.lang.Object, java.lang.Object, java.lang.Object, java.lang.Object, java.lang.Object, java.lang.Object, java.lang.Object, java.lang.Object, java.lang.Object, java.lang.Object, java.lang.Object, java.lang.Object)'> (0x00000000eef3e210) 
thrown [s\open\src\hotspot\share\interpreter\linkResolver.cpp
Event: 13.061 Thread 0x000001bc54051670 Exception <a 'java/lang/NoSuchMethodError'{0x00000000eec59d40}: 'java.lang.Object java.lang.invoke.DirectMethodHandle$Holder.invokeVirtual(java.lang.Object, java.lang.Object, java.lang.Object, java.lang.Object, java.lang.Object, java.lang.Object, java.lang.Object)'> (0x00000000eec59d40) 
thrown [s\open\src\hotspot\share\interpreter\linkResolver.cpp, line 796]
Event: 13.101 Thread 0x000001bc54051670 Exception <a 'java/lang/NoSuchMethodError'{0x00000000eece93c0}: 'java.lang.Object java.lang.invoke.DirectMethodHandle$Holder.invokeVirtual(java.lang.Object, java.lang.Object, java.lang.Object, java.lang.Object, java.lang.Object, java.lang.Object, java.lang.Object, java.lang.Object, java.lang.Object)'> (0x00000000eece93c0) 
thrown [s\open\src\hotspot\share\interpreter\linkResolver.cpp, line 796]
Event: 13.427 Thread 0x000001bc54051670 Exception <a 'java/lang/NoSuchMethodError'{0x00000000eea8b7d0}: 'java.lang.Object java.lang.invoke.DirectMethodHandle$Holder.invokeStaticInit(java.lang.Object, int, int, int, int)'> (0x00000000eea8b7d0) 
thrown [s\open\src\hotspot\share\interpreter\linkResolver.cpp, line 796]
Event: 13.546 Thread 0x000001bc54051670 Exception <a 'java/lang/NoSuchMethodError'{0x00000000eeadb258}: 'java.lang.Object java.lang.invoke.DirectMethodHandle$Holder.invokeStaticInit(java.lang.Object, java.lang.Object, int, int, int, int)'> (0x00000000eeadb258) 
thrown [s\open\src\hotspot\share\interpreter\linkResolver.cpp, line 796]
Event: 13.955 Thread 0x000001bc54051670 Exception <a 'java/lang/NoSuchMethodError'{0x00000000ee8d6900}: 'int java.lang.invoke.DirectMethodHandle$Holder.invokeStatic(java.lang.Object, int, java.lang.Object)'> (0x00000000ee8d6900) 
thrown [s\open\src\hotspot\share\interpreter\linkResolver.cpp, line 796]
Event: 13.971 Thread 0x000001bc54051670 Exception <a 'java/io/IOException'{0x00000000ee702b10}> (0x00000000ee702b10) 
thrown [s\open\src\hotspot\share\prims\jni.cpp, line 520]
Event: 14.045 Thread 0x000001bc54051670 Implicit null exception at 0x000001bc663c7694 to 0x000001bc663c7c70
Event: 15.010 Thread 0x000001bc1a137580 Exception <a 'java/lang/NoSuchMethodError'{0x00000000ede82f48}: 'long java.lang.invoke.DirectMethodHandle$Holder.invokeInterface(java.lang.Object, java.lang.Object)'> (0x00000000ede82f48) 
thrown [s\open\src\hotspot\share\interpreter\linkResolver.cpp, line 796]
Event: 15.177 Thread 0x000001bc1a137580 Exception <a 'java/lang/NoSuchMethodError'{0x00000000eda95258}: 'void java.lang.invoke.DirectMethodHandle$Holder.invokeStatic(java.lang.Object, java.lang.Object)'> (0x00000000eda95258) 
thrown [s\open\src\hotspot\share\interpreter\linkResolver.cpp, line 796]
Event: 15.197 Thread 0x000001bc1a137580 Exception <a 'java/lang/NoSuchMethodError'{0x00000000edad68b0}: 'java.lang.Object java.lang.invoke.DirectMethodHandle$Holder.invokeVirtual(java.lang.Object, java.lang.Object, java.lang.Object, java.lang.Object, java.lang.Object, java.lang.Object, java.lang.Object, java.lang.Object, java.lang.Object, java.lang.Object, java.lang.Object, java.lang.Object)'> (0x00000000edad68b0) 
thrown [s\open\src\hotspot\share\interpreter\linkResolver.cpp, line 796]
Event: 15.197 Thread 0x000001bc1a137580 Exception <a 'java/lang/NoSuchMethodError'{0x00000000edadb8e0}: 'java.lang.Object java.lang.invoke.DirectMethodHandle$Holder.invokeSpecial(java.lang.Object, java.lang.Object, java.lang.Object, java.lang.Object, java.lang.Object, java.lang.Object, java.lang.Object, java.lang.Object, java.lang.Object, java.lang.Object, java.lang.Object, java.lang.Object, java.lang.Object)'> (0x00000000edadb8e0) 
thrown [s\open\src\hotspot\share\interpreter\linkResolver.cpp, line 796]
Event: 15.327 Thread 0x000001bc1a137580 Exception <a 'java/lang/NoSuchMethodError'{0x00000000ed3dc8c0}: 'int java.lang.invoke.DirectMethodHandle$Holder.invokeVirtual(java.lang.Object, java.lang.Object, java.lang.Object)'> (0x00000000ed3dc8c0) 
thrown [s\open\src\hotspot\share\interpreter\linkResolver.cpp, line 796]
Event: 15.443 Thread 0x000001bc1a137580 Exception <a 'java/lang/NoSuchMethodError'{0x00000000ed0400a0}: 'java.lang.Object java.lang.invoke.DirectMethodHandle$Holder.newInvokeSpecial(java.lang.Object, java.lang.Object, java.lang.Object, java.lang.Object, java.lang.Object, java.lang.Object)'> (0x00000000ed0400a0) 
thrown [s\open\src\hotspot\share\interpreter\linkResolver.cpp, line 796]
Event: 15.604 Thread 0x000001bc1a137580 Exception <a 'java/lang/NoSuchMethodError'{0x00000000ecd0bba8}: 'void java.lang.invoke.DelegatingMethodHandle$Holder.reinvoke_L(java.lang.Object, java.lang.Object, java.lang.Object, java.lang.Object, java.lang.Object, java.lang.Object, java.lang.Object, java.lang.Object, java.lang.Object, java.lang.Object)'> (0x00000000ecd0bba8) 
thrown [s\open\src\hotspot\share\interpreter\linkResolver.cpp, line 796]
Event: 15.606 Thread 0x000001bc1a137580 Exception <a 'java/lang/NoSuchMethodError'{0x00000000ecd13698}: 'java.lang.Object java.lang.invoke.Invokers$Holder.invoker(java.lang.Object, java.lang.Object, java.lang.Object, java.lang.Object, java.lang.Object, java.lang.Object, java.lang.Object, java.lang.Object, java.lang.Object, java.lang.Object)'> (0x00000000ecd13698) 
thrown [s\open\src\hotspot\share\interpreter\linkResolver.cpp, line 796]
Event: 16.167 Thread 0x000001bc1a137580 Exception <a 'java/lang/NoSuchMethodError'{0x00000000efb18a70}: 'void java.lang.invoke.DirectMethodHandle$Holder.invokeInterface(java.lang.Object, java.lang.Object)'> (0x00000000efb18a70) 
thrown [s\open\src\hotspot\share\interpreter\linkResolver.cpp, line 796]
Event: 16.168 Thread 0x000001bc1a137580 Exception <a 'java/lang/IncompatibleClassChangeError'{0x00000000efb1bff8}: Found class java.lang.Object, but interface was expected> (0x00000000efb1bff8) 
thrown [s\open\src\hotspot\share\interpreter\linkResolver.cpp, line 863]
Event: 16.265 Thread 0x000001bc1a137580 Exception <a 'java/lang/NoSuchMethodError'{0x00000000efa55930}: 'java.lang.Object java.lang.invoke.DirectMethodHandle$Holder.newInvokeSpecial(java.lang.Object, java.lang.Object, int)'> (0x00000000efa55930) 
thrown [s\open\src\hotspot\share\interpreter\linkResolver.cpp, line 796]

VM Operations (20 events):
Event: 12.120 Executing VM operation: HandshakeAllThreads (Deoptimize)
Event: 12.120 Executing VM operation: HandshakeAllThreads (Deoptimize) done
Event: 12.142 Executing VM operation: HandshakeAllThreads (Deoptimize)
Event: 12.142 Executing VM operation: HandshakeAllThreads (Deoptimize) done
Event: 12.142 Executing VM operation: HandshakeAllThreads (Deoptimize)
Event: 12.142 Executing VM operation: HandshakeAllThreads (Deoptimize) done
Event: 12.432 Executing VM operation: HandshakeAllThreads (Deoptimize)
Event: 12.432 Executing VM operation: HandshakeAllThreads (Deoptimize) done
Event: 13.054 Executing VM operation: HandshakeAllThreads (Deoptimize)
Event: 13.054 Executing VM operation: HandshakeAllThreads (Deoptimize) done
Event: 13.210 Executing VM operation: HandshakeAllThreads (Deoptimize)
Event: 13.210 Executing VM operation: HandshakeAllThreads (Deoptimize) done
Event: 13.488 Executing VM operation: HandshakeAllThreads (Deoptimize)
Event: 13.488 Executing VM operation: HandshakeAllThreads (Deoptimize) done
Event: 14.131 Executing VM operation: HandshakeAllThreads (Deoptimize)
Event: 14.131 Executing VM operation: HandshakeAllThreads (Deoptimize) done
Event: 15.893 Executing VM operation: G1CollectForAllocation (G1 Evacuation Pause)
Event: 15.906 Executing VM operation: G1CollectForAllocation (G1 Evacuation Pause) done
Event: 16.262 Executing VM operation: HandshakeAllThreads (Deoptimize)
Event: 16.262 Executing VM operation: HandshakeAllThreads (Deoptimize) done

Memory protections (0 events):
No events

Nmethod flushes (0 events):
No events

Events (20 events):
Event: 0.349 Thread 0x000001bc54051670 Thread added: 0x000001bc707dced0
Event: 0.846 Thread 0x000001bc54051670 Thread added: 0x000001bc192d3660
Event: 2.890 Thread 0x000001bc1902f7c0 Thread added: 0x000001bc19444e00
Event: 3.151 Thread 0x000001bc19444e00 Thread exited: 0x000001bc19444e00
Event: 6.161 Thread 0x000001bc1902f7c0 Thread added: 0x000001bc19f1d790
Event: 6.426 Thread 0x000001bc19f1d790 Thread exited: 0x000001bc19f1d790
Event: 11.430 Thread 0x000001bc1902f7c0 Thread added: 0x000001bc19591520
Event: 11.563 Thread 0x000001bc19591520 Thread exited: 0x000001bc19591520
Event: 12.155 Thread 0x000001bc54051670 Thread added: 0x000001bc1a137c10
Event: 13.691 Thread 0x000001bc54051670 Thread added: 0x000001bc1a138fc0
Event: 14.076 Thread 0x000001bc54051670 Thread added: 0x000001bc1a138930
Event: 14.494 Thread 0x000001bc1a138fc0 Thread added: 0x000001bc1a139ce0
Event: 14.504 Thread 0x000001bc1a139ce0 Thread added: 0x000001bc1a136860
Event: 14.616 Thread 0x000001bc1a139ce0 Thread added: 0x000001bc1a136ef0
Event: 14.689 Thread 0x000001bc1a139ce0 Thread added: 0x000001bc1a137580
Event: 14.734 Thread 0x000001bc1a137580 Thread added: 0x000001bc1a1382a0
Event: 14.751 Thread 0x000001bc1a137580 Thread added: 0x000001bc19573c10
Event: 14.759 Thread 0x000001bc1a137580 Thread added: 0x000001bc195714b0
Event: 16.262 Thread 0x000001bc1a137580 Thread added: 0x000001bc19570790
Event: 16.373 Thread 0x000001bc1a137580 Thread added: 0x000001bc19574fc0


Dynamic libraries:
0x00007ff705120000 - 0x00007ff70512e000 	C:\Users\82109\.jdks\openjdk-23.0.2\bin\java.exe
0x00007fffa9b30000 - 0x00007fffa9d28000 	C:\WINDOWS\SYSTEM32\ntdll.dll
0x00007fffa8ca0000 - 0x00007fffa8d62000 	C:\WINDOWS\System32\KERNEL32.DLL
0x00007fffa7640000 - 0x00007fffa793f000 	C:\WINDOWS\System32\KERNELBASE.dll
0x00007fffa7200000 - 0x00007fffa7300000 	C:\WINDOWS\System32\ucrtbase.dll
0x00007fff94820000 - 0x00007fff94837000 	C:\Users\82109\.jdks\openjdk-23.0.2\bin\jli.dll
0x00007fffa3720000 - 0x00007fffa373b000 	C:\Users\82109\.jdks\openjdk-23.0.2\bin\VCRUNTIME140.dll
0x00007fffa85d0000 - 0x00007fffa876d000 	C:\WINDOWS\System32\USER32.dll
0x00007fffa71d0000 - 0x00007fffa71f2000 	C:\WINDOWS\System32\win32u.dll
0x00007fffa9620000 - 0x00007fffa964b000 	C:\WINDOWS\System32\GDI32.dll
0x00007fffa7450000 - 0x00007fffa756a000 	C:\WINDOWS\System32\gdi32full.dll
0x00007fff900e0000 - 0x00007fff9037a000 	C:\WINDOWS\WinSxS\amd64_microsoft.windows.common-controls_6595b64144ccf1df_6.0.19041.4355_none_60b8b9eb71f62e16\COMCTL32.dll
0x00007fffa89a0000 - 0x00007fffa8a3e000 	C:\WINDOWS\System32\msvcrt.dll
0x00007fffa75a0000 - 0x00007fffa763d000 	C:\WINDOWS\System32\msvcp_win.dll
0x00007fffa8970000 - 0x00007fffa899f000 	C:\WINDOWS\System32\IMM32.DLL
0x00007fff94850000 - 0x00007fff9485c000 	C:\Users\82109\.jdks\openjdk-23.0.2\bin\vcruntime140_1.dll
0x00007fff71590000 - 0x00007fff7161e000 	C:\Users\82109\.jdks\openjdk-23.0.2\bin\msvcp140.dll
0x00007fff57ae0000 - 0x00007fff58830000 	C:\Users\82109\.jdks\openjdk-23.0.2\bin\server\jvm.dll
0x00007fffa8830000 - 0x00007fffa88df000 	C:\WINDOWS\System32\ADVAPI32.dll
0x00007fffa8400000 - 0x00007fffa849f000 	C:\WINDOWS\System32\sechost.dll
0x00007fffa8a50000 - 0x00007fffa8b73000 	C:\WINDOWS\System32\RPCRT4.dll
0x00007fffa7570000 - 0x00007fffa7597000 	C:\WINDOWS\System32\bcrypt.dll
0x00007fffa9a80000 - 0x00007fffa9aeb000 	C:\WINDOWS\System32\WS2_32.dll
0x00007fffa7030000 - 0x00007fffa707b000 	C:\WINDOWS\SYSTEM32\POWRPROF.dll
0x00007fff92120000 - 0x00007fff92147000 	C:\WINDOWS\SYSTEM32\WINMM.dll
0x00007fff9eba0000 - 0x00007fff9ebaa000 	C:\WINDOWS\SYSTEM32\VERSION.dll
0x00007fffa7010000 - 0x00007fffa7022000 	C:\WINDOWS\SYSTEM32\UMPDC.dll
0x00007fffa5050000 - 0x00007fffa5062000 	C:\WINDOWS\SYSTEM32\kernel.appcore.dll
0x00007fff947c0000 - 0x00007fff947ca000 	C:\Users\82109\.jdks\openjdk-23.0.2\bin\jimage.dll
0x00007fff92da0000 - 0x00007fff92f84000 	C:\WINDOWS\SYSTEM32\DBGHELP.DLL
0x00007fff92aa0000 - 0x00007fff92ad4000 	C:\WINDOWS\SYSTEM32\dbgcore.DLL
0x00007fffa7300000 - 0x00007fffa7382000 	C:\WINDOWS\System32\bcryptPrimitives.dll
0x00007fff94780000 - 0x00007fff9478f000 	C:\Users\82109\.jdks\openjdk-23.0.2\bin\instrument.dll
0x00007fff8fdb0000 - 0x00007fff8fdce000 	C:\Users\82109\.jdks\openjdk-23.0.2\bin\java.dll
0x00007fffa8d70000 - 0x00007fffa8e9b000 	C:\WINDOWS\System32\ole32.dll
0x00007fffa9650000 - 0x00007fffa99a5000 	C:\WINDOWS\System32\combase.dll
0x00007fffa8eb0000 - 0x00007fffa961d000 	C:\WINDOWS\System32\SHELL32.dll
0x00007fffa5250000 - 0x00007fffa59f4000 	C:\WINDOWS\SYSTEM32\windows.storage.dll
0x00007fffa6b90000 - 0x00007fffa6bbf000 	C:\WINDOWS\SYSTEM32\Wldp.dll
0x00007fffa7c30000 - 0x00007fffa7cfd000 	C:\WINDOWS\System32\OLEAUT32.dll
0x00007fffa84a0000 - 0x00007fffa854d000 	C:\WINDOWS\System32\SHCORE.dll
0x00007fffa7ec0000 - 0x00007fffa7f15000 	C:\WINDOWS\System32\shlwapi.dll
0x00007fffa7100000 - 0x00007fffa7124000 	C:\WINDOWS\SYSTEM32\profapi.dll
0x00007fff6e040000 - 0x00007fff6e117000 	C:\Users\82109\.jdks\openjdk-23.0.2\bin\jsvml.dll
0x00007fff8daa0000 - 0x00007fff8dab7000 	C:\Users\82109\.jdks\openjdk-23.0.2\bin\zip.dll
0x00007fff93c00000 - 0x00007fff93c10000 	C:\Users\82109\.jdks\openjdk-23.0.2\bin\net.dll
0x00007fffa68f0000 - 0x00007fffa695c000 	C:\WINDOWS\system32\mswsock.dll
0x00007fff8d4b0000 - 0x00007fff8d4c6000 	C:\Users\82109\.jdks\openjdk-23.0.2\bin\nio.dll
0x00007fff937b0000 - 0x00007fff937c0000 	C:\Users\82109\.jdks\openjdk-23.0.2\bin\verify.dll
0x00007fff8dac0000 - 0x00007fff8dae7000 	C:\Users\82109\.gradle\native\1def1411415f61bf3af743bc5b6707747c0891f09f0c88961ee8f79bc544acac\windows-amd64\native-platform.dll
0x00007fff6d660000 - 0x00007fff6d6d8000 	C:\Users\82109\.gradle\native\0.2.7\x86_64-windows-gnu\gradle-fileevents.dll
0x00007fff91a10000 - 0x00007fff91a1a000 	C:\Users\82109\.jdks\openjdk-23.0.2\bin\management.dll
0x00007fff919b0000 - 0x00007fff919bb000 	C:\Users\82109\.jdks\openjdk-23.0.2\bin\management_ext.dll
0x00007fffa8ea0000 - 0x00007fffa8ea8000 	C:\WINDOWS\System32\PSAPI.DLL
0x00007fffa65d0000 - 0x00007fffa660b000 	C:\WINDOWS\SYSTEM32\IPHLPAPI.DLL
0x00007fffa7d00000 - 0x00007fffa7d08000 	C:\WINDOWS\System32\NSI.dll
0x00007fff91510000 - 0x00007fff91519000 	C:\Users\82109\.jdks\openjdk-23.0.2\bin\extnet.dll
0x00007fffa6ae0000 - 0x00007fffa6af8000 	C:\WINDOWS\SYSTEM32\CRYPTSP.dll
0x00007fffa6210000 - 0x00007fffa6244000 	C:\WINDOWS\system32\rsaenh.dll
0x00007fffa70c0000 - 0x00007fffa70ee000 	C:\WINDOWS\SYSTEM32\USERENV.dll
0x00007fffa6b00000 - 0x00007fffa6b0c000 	C:\WINDOWS\SYSTEM32\CRYPTBASE.dll
0x00007fff8f310000 - 0x00007fff8f31e000 	C:\Users\82109\.jdks\openjdk-23.0.2\bin\sunmscapi.dll
0x00007fffa79f0000 - 0x00007fffa7b4c000 	C:\WINDOWS\System32\CRYPT32.dll
0x00007fffa6c00000 - 0x00007fffa6c27000 	C:\WINDOWS\SYSTEM32\ncrypt.dll
0x00007fffa6bc0000 - 0x00007fffa6bfb000 	C:\WINDOWS\SYSTEM32\NTASN1.dll
0x00007fff95600000 - 0x00007fff95607000 	C:\WINDOWS\system32\wshunix.dll

dbghelp: loaded successfully - version: 4.0.5 - missing functions: none
symbol engine: initialized successfully - sym options: 0x614 - pdb path: .;C:\Users\82109\.jdks\openjdk-23.0.2\bin;C:\WINDOWS\SYSTEM32;C:\WINDOWS\WinSxS\amd64_microsoft.windows.common-controls_6595b64144ccf1df_6.0.19041.4355_none_60b8b9eb71f62e16;C:\Users\82109\.jdks\openjdk-23.0.2\bin\server;C:\Users\82109\.gradle\native\1def1411415f61bf3af743bc5b6707747c0891f09f0c88961ee8f79bc544acac\windows-amd64;C:\Users\82109\.gradle\native\0.2.7\x86_64-windows-gnu

VM Arguments:
jvm_args: --add-opens=java.base/java.lang=ALL-UNNAMED --add-opens=java.base/java.lang.invoke=ALL-UNNAMED --add-opens=java.base/java.util=ALL-UNNAMED --add-opens=java.prefs/java.util.prefs=ALL-UNNAMED --add-exports=jdk.compiler/com.sun.tools.javac.api=ALL-UNNAMED --add-exports=jdk.compiler/com.sun.tools.javac.util=ALL-UNNAMED --add-opens=java.base/java.util=ALL-UNNAMED --add-opens=java.prefs/java.util.prefs=ALL-UNNAMED --add-opens=java.base/java.nio.charset=ALL-UNNAMED --add-opens=java.base/java.net=ALL-UNNAMED --add-opens=java.base/java.util.concurrent.atomic=ALL-UNNAMED --add-opens=java.xml/javax.xml.namespace=ALL-UNNAMED -XX:MaxMetaspaceSize=384m -XX:+HeapDumpOnOutOfMemoryError -Xms256m -Xmx512m -Dfile.encoding=UTF-8 -Duser.country=KR -Duser.language=ko -Duser.variant -javaagent:C:\Users\82109\.gradle\wrapper\dists\gradle-8.13-bin\5xuhj0ry160q40clulazy9h7d\gradle-8.13\lib\agents\gradle-instrumentation-agent-8.13.jar 
java_command: org.gradle.launcher.daemon.bootstrap.GradleDaemon 8.13
java_class_path (initial): C:\Users\82109\.gradle\wrapper\dists\gradle-8.13-bin\5xuhj0ry160q40clulazy9h7d\gradle-8.13\lib\gradle-daemon-main-8.13.jar
Launcher Type: SUN_STANDARD

[Global flags]
     intx CICompilerCount                          = 3                                         {product} {ergonomic}
   size_t CompressedClassSpaceSize                 = 335544320                                 {product} {ergonomic}
     uint ConcGCThreads                            = 1                                         {product} {ergonomic}
     uint G1ConcRefinementThreads                  = 4                                         {product} {ergonomic}
   size_t G1HeapRegionSize                         = 1048576                                   {product} {ergonomic}
     bool HeapDumpOnOutOfMemoryError               = true                                   {manageable} {command line}
   size_t InitialHeapSize                          = 268435456                                 {product} {command line}
   size_t MarkStackSize                            = 4194304                                   {product} {ergonomic}
   size_t MarkStackSizeMax                         = 536870912                                 {product} {ergonomic}
   size_t MaxHeapSize                              = 536870912                                 {product} {command line}
   size_t MaxMetaspaceSize                         = 402653184                                 {product} {command line}
   size_t MaxNewSize                               = 321912832                                 {product} {ergonomic}
   size_t MinHeapDeltaBytes                        = 1048576                                   {product} {ergonomic}
   size_t MinHeapSize                              = 268435456                                 {product} {command line}
    uintx NonNMethodCodeHeapSize                   = 5832704                                {pd product} {ergonomic}
    uintx NonProfiledCodeHeapSize                  = 122945536                              {pd product} {ergonomic}
    uintx ProfiledCodeHeapSize                     = 122880000                              {pd product} {ergonomic}
    uintx ReservedCodeCacheSize                    = 251658240                              {pd product} {ergonomic}
     bool SegmentedCodeCache                       = true                                      {product} {ergonomic}
   size_t SoftMaxHeapSize                          = 536870912                              {manageable} {ergonomic}
     bool UseCompressedOops                        = true                           {product lp64_product} {ergonomic}
     bool UseG1GC                                  = true                                      {product} {ergonomic}
     bool UseLargePagesIndividualAllocation        = false                                  {pd product} {ergonomic}

Logging:
Log output configuration:
 #0: stdout all=warning uptime,level,tags foldmultilines=false
 #1: stderr all=off uptime,level,tags foldmultilines=false

Environment Variables:
PATH=C:\Program Files\MySQL\MySQL Server 8.4\bin;C:\Program Files (x86)\Common Files\Intel\Shared Libraries\redist\intel64\compiler;C:\Program Files (x86)\Intel\Intel(R) Management Engine Components\iCLS\;C:\Program Files\Intel\Intel(R) Management Engine Components\iCLS\;C:\WINDOWS\system32;C:\WINDOWS;C:\WINDOWS\System32\Wbem;C:\WINDOWS\System32\WindowsPowerShell\v1.0\;C:\Program Files (x86)\Intel\Intel(R) Management Engine Components\DAL;C:\Program Files\Intel\Intel(R) Management Engine Components\DAL;C:\Program Files (x86)\Intel\Intel(R) Management Engine Components\IPT;C:\Program Files\Intel\Intel(R) Management Engine Components\IPT;C:\WINDOWS\System32\OpenSSH\;C:\Program Files\Git\cmd;C:\Users\82109\AppData\Local\Microsoft\WindowsApps;C:\Users\82109\AppData\Local\Programs\Microsoft VS Code\bin
USERNAME=82109
OS=Windows_NT
PROCESSOR_IDENTIFIER=Intel64 Family 6 Model 142 Stepping 9, GenuineIntel
TMP=C:\Users\82109\AppData\Local\Temp
TEMP=C:\Users\82109\AppData\Local\Temp




Periodic native trim disabled

---------------  S Y S T E M  ---------------

OS:
 Windows 10 , 64 bit Build 19041 (10.0.19041.5438)
OS uptime: 38 days 23:53 hours

CPU: total 4 (initial active 4) (2 cores per cpu, 2 threads per core) family 6 model 142 stepping 9 microcode 0xb4, cx8, cmov, fxsr, ht, mmx, 3dnowpref, sse, sse2, sse3, ssse3, sse4.1, sse4.2, popcnt, lzcnt, tsc, tscinvbit, aes, erms, clmul, clflush, clflushopt, rdtscp
Processor Information for the first 4 processors :
  Max Mhz: 2304, Current Mhz: 2304, Mhz Limit: 2304

Memory: 4k page, system-wide physical 8106M (830M free)
TotalPageFile size 32682M (AvailPageFile size 1M)
current process WorkingSet (physical memory assigned to process): 162M, peak: 162M
current process commit charge ("private bytes"): 385M, peak: 385M

vm_info: OpenJDK 64-Bit Server VM (23.0.2+7-58) for windows-amd64 JRE (23.0.2+7-58), built on 2024-11-29T09:34:55Z with MS VC++ 17.6 (VS2022)

END.
